Log file open, 04/01/22 19:10:18
LogWindows: Failed to load 'aqProf.dll' (GetLastError=126)
LogWindows: File 'aqProf.dll' does not exist
LogWindows: Failed to load 'VtuneApi.dll' (GetLastError=126)
LogWindows: File 'VtuneApi.dll' does not exist
LogWindows: Failed to load 'VtuneApi32e.dll' (GetLastError=126)
LogWindows: File 'VtuneApi32e.dll' does not exist
LogConsoleResponse: Display: Failed to find resolution value strings in scalability ini. Falling back to default.
LogConsoleResponse: Display: Failed to find resolution value strings in scalability ini. Falling back to default.
LogInit: Display: Running engine for game: TheEclipse
LogPlatformFile: Not using cached read wrapper
LogTaskGraph: Started task graph with 5 named threads and 23 total threads with 3 sets of task threads.
LogStats: Stats thread started at 0.871870
LogICUInternationalization: ICU TimeZone Detection - Raw Offset: -7:00, Platform Override: ''
LogInit: Display: Loading text-based GConfig....
LogPluginManager: Mounting plugin MeshPainting
LogPluginManager: Mounting plugin XGEController
LogPluginManager: Mounting plugin Paper2D
LogPluginManager: Mounting plugin AISupport
LogPluginManager: Mounting plugin EnvironmentQueryEditor
LogPluginManager: Mounting plugin LiveLink
LogPluginManager: Mounting plugin CameraShakePreviewer
LogPluginManager: Mounting plugin GameplayCameras
LogPluginManager: Mounting plugin OodleData
LogPluginManager: Mounting plugin OodleNetwork
LogPluginManager: Mounting plugin LightPropagationVolume
LogPluginManager: Mounting plugin AlembicImporter
LogPluginManager: Mounting plugin AnimationSharing
LogPluginManager: Mounting plugin AutomationUtils
LogPluginManager: Mounting plugin BackChannel
LogPluginManager: Mounting plugin DatasmithContent
LogPluginManager: Mounting plugin CLionSourceCodeAccess
LogPluginManager: Mounting plugin VariantManagerContent
LogPluginManager: Mounting plugin ChaosClothEditor
LogPluginManager: Mounting plugin ChaosCloth
LogPluginManager: Mounting plugin ChaosEditor
LogPluginManager: Mounting plugin ChaosNiagara
LogPluginManager: Mounting plugin ChaosSolverPlugin
LogPluginManager: Mounting plugin CodeLiteSourceCodeAccess
LogPluginManager: Mounting plugin AssetManagerEditor
LogPluginManager: Mounting plugin GitSourceControl
LogPluginManager: Mounting plugin NullSourceCodeAccess
LogPluginManager: Mounting plugin KDevelopSourceCodeAccess
LogPluginManager: Mounting plugin PerforceSourceControl
LogPluginManager: Mounting plugin PixWinPlugin
LogPluginManager: Mounting plugin PluginUtils
LogPluginManager: Mounting plugin CharacterAI
LogPluginManager: Mounting plugin RiderSourceCodeAccess
LogPluginManager: Mounting plugin SubversionSourceControl
LogPluginManager: Mounting plugin PropertyAccessNode
LogPluginManager: Mounting plugin TextureFormatOodle
LogPluginManager: Mounting plugin UObjectPlugin
LogPluginManager: Mounting plugin VisualStudioCodeSourceCodeAccess
LogPluginManager: Mounting plugin VisualStudioSourceCodeAccess
LogPluginManager: Mounting plugin XCodeSourceCodeAccess
LogPluginManager: Mounting plugin CryptoKeys
LogPluginManager: Mounting plugin CurveEditorTools
LogPluginManager: Mounting plugin DataValidation
LogPluginManager: Mounting plugin FacialAnimation
LogPluginManager: Mounting plugin GeometryCache
LogPluginManager: Mounting plugin GameplayTagsEditor
LogPluginManager: Mounting plugin GeometryMode
LogPluginManager: Mounting plugin GeometryCollectionPlugin
LogPluginManager: Mounting plugin Niagara
LogPluginManager: Mounting plugin MacGraphicsSwitching
LogPluginManager: Mounting plugin MaterialAnalyzer
LogPluginManager: Mounting plugin MobileLauncherProfileWizard
LogPluginManager: Mounting plugin PluginBrowser
LogPluginManager: Mounting plugin SpeedTreeImporter
LogPluginManager: Mounting plugin GeometryProcessing
LogPluginManager: Mounting plugin OpenImageDenoise
LogPluginManager: Mounting plugin MotoSynth
LogPluginManager: Mounting plugin PlanarCut
LogPluginManager: Mounting plugin PlatformCrypto
LogPluginManager: Mounting plugin PythonScriptPlugin
LogPluginManager: Mounting plugin ProxyLODPlugin
LogPluginManager: Mounting plugin SkeletalReduction
LogPluginManager: Mounting plugin PlasticSourceControl
LogPluginManager: Mounting plugin LuminPlatformFeatures
LogPluginManager: Mounting plugin MagicLeap
LogPluginManager: Mounting plugin MagicLeapLightEstimation
LogPluginManager: Mounting plugin MagicLeapMedia
LogPluginManager: Mounting plugin MagicLeapPassableWorld
LogPluginManager: Mounting plugin MLSDK
LogPluginManager: Mounting plugin ActorSequence
LogPluginManager: Mounting plugin LevelSequenceEditor
LogPluginManager: Mounting plugin MatineeToLevelSequence
LogPluginManager: Mounting plugin TemplateSequence
LogPluginManager: Mounting plugin OnlineSubsystem
LogPluginManager: Mounting plugin TcpMessaging
LogPluginManager: Mounting plugin UdpMessaging
LogPluginManager: Mounting plugin ActorLayerUtilities
LogPluginManager: Mounting plugin AndroidDeviceProfileSelector
LogPluginManager: Mounting plugin OnlineSubsystemNull
LogPluginManager: Mounting plugin OnlineSubsystemUtils
LogPluginManager: Mounting plugin AndroidPermission
LogPluginManager: Mounting plugin AndroidMoviePlayer
LogPluginManager: Mounting plugin AppleImageUtils
LogPluginManager: Mounting plugin AppleMoviePlayer
LogPluginManager: Mounting plugin AndroidMedia
LogPluginManager: Mounting plugin ArchVisCharacter
LogPluginManager: Mounting plugin AssetTags
LogPluginManager: Mounting plugin AudioCapture
LogPluginManager: Mounting plugin AudioSynesthesia
LogPluginManager: Mounting plugin CableComponent
LogPluginManager: Mounting plugin AvfMedia
LogPluginManager: Mounting plugin ChunkDownloader
LogPluginManager: Mounting plugin CustomMeshComponent
LogPluginManager: Mounting plugin EditableMesh
LogPluginManager: Mounting plugin GoogleCloudMessaging
LogPluginManager: Mounting plugin GooglePAD
LogPluginManager: Mounting plugin IOSDeviceProfileSelector
LogPluginManager: Mounting plugin ImgMedia
LogPluginManager: Mounting plugin MediaCompositing
LogPluginManager: Mounting plugin LinuxDeviceProfileSelector
LogPluginManager: Mounting plugin MediaPlayerEditor
LogPluginManager: Mounting plugin LocationServicesBPLibrary
LogPluginManager: Mounting plugin WebMMedia
LogPluginManager: Mounting plugin WmfMedia
LogPluginManager: Mounting plugin MobilePatchingUtils
LogPluginManager: Mounting plugin OpenXR
LogPluginManager: Mounting plugin OpenXRHandTracking
LogPluginManager: Mounting plugin OpenXREyeTracker
LogPluginManager: Mounting plugin PhysXVehicles
LogPluginManager: Mounting plugin PostSplashScreen
LogPluginManager: Mounting plugin ProceduralMeshComponent
LogPluginManager: Mounting plugin PropertyAccessEditor
LogPluginManager: Mounting plugin SignificanceManager
LogPluginManager: Mounting plugin RuntimePhysXCooking
LogPluginManager: Mounting plugin SoundFields
LogPluginManager: Mounting plugin Synthesis
LogPluginManager: Mounting plugin WebMMoviePlayer
LogPluginManager: Mounting plugin WindowsMoviePlayer
LogPluginManager: Mounting plugin Takes
LogPluginManager: Mounting plugin ScreenshotTools
LogPluginManager: Mounting plugin LauncherChunkInstaller
LogPluginManager: Mounting plugin ExampleDeviceProfileSelector
LogPluginManager: Mounting plugin ContentBrowserClassDataSource
LogPluginManager: Mounting plugin ContentBrowserAssetDataSource
LogPluginManager: Mounting plugin ContentBrowserFileDataSource
LogPluginManager: Mounting plugin OnlineSubsystemGooglePlay
LogPluginManager: Mounting plugin OnlineSubsystemIOS
LogPluginManager: Mounting plugin OculusVR
LogPluginManager: Mounting plugin SteamVR
PixWinPlugin: PIX capture plugin failed to initialize! Check that the process is launched from PIX.
LogLuminAPIImpl: Warning: MLSDK not found.  This likely means the MLSDK environment variable is not set.
LogInit: Using libcurl 7.55.1-DEV
LogInit:  - built for x86_64-pc-win32
LogInit:  - supports SSL with OpenSSL/1.1.1
LogInit:  - supports HTTP deflate (compression) using libz 1.2.8
LogInit:  - other features:
LogInit:      CURL_VERSION_SSL
LogInit:      CURL_VERSION_LIBZ
LogInit:      CURL_VERSION_IPV6
LogInit:      CURL_VERSION_ASYNCHDNS
LogInit:      CURL_VERSION_LARGEFILE
LogInit:      CURL_VERSION_IDN
LogInit:  CurlRequestOptions (configurable via config and command line):
LogInit:  - bVerifyPeer = true  - Libcurl will verify peer certificate
LogInit:  - bUseHttpProxy = false  - Libcurl will NOT use HTTP proxy
LogInit:  - bDontReuseConnections = false  - Libcurl will reuse connections
LogInit:  - MaxHostConnections = 16  - Libcurl will limit the number of connections to a host
LogInit:  - LocalHostAddr = Default
LogInit:  - BufferSize = 65536
LogOnline: OSS: Creating online subsystem instance for: NULL
LogInit: WinSock: version 1.1 (2.2), MaxSocks=32767, MaxUdp=65467
LogOnline: OSS: TryLoadSubsystemAndSetDefault: Loaded subsystem for module [NULL]
LogOculusPluginWrapper: OculusPlugin initialized successfully
LogHMD: Failed initializing OVRPlugin 1.59.0
LogInit: Build: ++UE4+Release-4.27-CL-18319896
LogInit: Engine Version: 4.27.2-18319896+++UE4+Release-4.27
LogInit: Compatible Engine Version: 4.27.0-17155196+++UE4+Release-4.27
LogInit: Net CL: 17155196
LogInit: OS: Windows 10 (Release 2009) (), CPU: Intel(R) Core(TM) i7-4790K CPU @ 4.00GHz, GPU: NVIDIA GeForce RTX 3070
LogInit: Compiled (64-bit): Nov 30 2021 07:12:08
LogInit: Compiled with Visual C++: 19.24.28315.00
LogInit: Build Configuration: Development
LogInit: Branch Name: ++UE4+Release-4.27
LogInit: Command Line:  -EpicPortal -epicusername=JBrestel -epicuserid=d03da1c8853e40c987e95c2ac5f10a88 -epiclocale=en -epicsandboxid=ue
LogInit: Base Directory: D:/GameLaunchers/UE_4.27/Engine/Binaries/Win64/
LogInit: Allocator: TBB
LogInit: Installed Engine Build: 1
LogDevObjectVersion: Number of dev versions registered: 29
LogDevObjectVersion:   Dev-Blueprints (B0D832E4-1F89-4F0D-ACCF-7EB736FD4AA2): 10
LogDevObjectVersion:   Dev-Build (E1C64328-A22C-4D53-A36C-8E866417BD8C): 0
LogDevObjectVersion:   Dev-Core (375EC13C-06E4-48FB-B500-84F0262A717E): 4
LogDevObjectVersion:   Dev-Editor (E4B068ED-F494-42E9-A231-DA0B2E46BB41): 40
LogDevObjectVersion:   Dev-Framework (CFFC743F-43B0-4480-9391-14DF171D2073): 37
LogDevObjectVersion:   Dev-Mobile (B02B49B5-BB20-44E9-A304-32B752E40360): 3
LogDevObjectVersion:   Dev-Networking (A4E4105C-59A1-49B5-A7C5-40C4547EDFEE): 0
LogDevObjectVersion:   Dev-Online (39C831C9-5AE6-47DC-9A44-9C173E1C8E7C): 0
LogDevObjectVersion:   Dev-Physics (78F01B33-EBEA-4F98-B9B4-84EACCB95AA2): 14
LogDevObjectVersion:   Dev-Platform (6631380F-2D4D-43E0-8009-CF276956A95A): 0
LogDevObjectVersion:   Dev-Rendering (12F88B9F-8875-4AFC-A67C-D90C383ABD29): 45
LogDevObjectVersion:   Dev-Sequencer (7B5AE74C-D270-4C10-A958-57980B212A5A): 13
LogDevObjectVersion:   Dev-VR (D7296918-1DD6-4BDD-9DE2-64A83CC13884): 3
LogDevObjectVersion:   Dev-LoadTimes (C2A15278-BFE7-4AFE-6C17-90FF531DF755): 1
LogDevObjectVersion:   Private-Geometry (6EACA3D4-40EC-4CC1-B786-8BED09428FC5): 3
LogDevObjectVersion:   Dev-AnimPhys (29E575DD-E0A3-4627-9D10-D276232CDCEA): 17
LogDevObjectVersion:   Dev-Anim (AF43A65D-7FD3-4947-9873-3E8ED9C1BB05): 15
LogDevObjectVersion:   Dev-ReflectionCapture (6B266CEC-1EC7-4B8F-A30B-E4D90942FC07): 1
LogDevObjectVersion:   Dev-Automation (0DF73D61-A23F-47EA-B727-89E90C41499A): 1
LogDevObjectVersion:   FortniteMain (601D1886-AC64-4F84-AA16-D3DE0DEAC7D6): 47
LogDevObjectVersion:   FortniteRelease (E7086368-6B23-4C58-8439-1B7016265E91): 1
LogDevObjectVersion:   Dev-Enterprise (9DFFBCD6-494F-0158-E221-12823C92A888): 10
LogDevObjectVersion:   Dev-Niagara (F2AED0AC-9AFE-416F-8664-AA7FFA26D6FC): 1
LogDevObjectVersion:   Dev-Destruction (174F1F0B-B4C6-45A5-B13F-2EE8D0FB917D): 10
LogDevObjectVersion:   Dev-Physics-Ext (35F94A83-E258-406C-A318-09F59610247C): 41
LogDevObjectVersion:   Dev-PhysicsMaterial-Chaos (B68FC16E-8B1B-42E2-B453-215C058844FE): 1
LogDevObjectVersion:   Dev-CineCamera (B2E18506-4273-CFC2-A54E-F4BB758BBA07): 1
LogDevObjectVersion:   Dev-VirtualProduction (64F58936-FD1B-42BA-BA96-7289D5D0FA4E): 1
LogDevObjectVersion:   Dev-MediaFramework (6F0ED827-A609-4895-9C91-998D90180EA4): 2
LogInit: Presizing for max 25165824 objects, including 0 objects not considered by GC, pre-allocating 0 bytes for permanent pool.
LogConfig: Applying CVar settings from Section [/Script/Engine.StreamingSettings] File [D:/LD50/TheEclipse/Saved/Config/Windows/Engine.ini]
LogConfig: Setting CVar [[s.MinBulkDataSizeForAsyncLoading:131072]]
LogConfig: Setting CVar [[s.AsyncLoadingThreadEnabled:0]]
LogConfig: Setting CVar [[s.EventDrivenLoaderEnabled:1]]
LogConfig: Setting CVar [[s.WarnIfTimeLimitExceeded:0]]
LogConfig: Setting CVar [[s.TimeLimitExceededMultiplier:1.5]]
LogConfig: Setting CVar [[s.TimeLimitExceededMinTime:0.005]]
LogConfig: Setting CVar [[s.UseBackgroundLevelStreaming:1]]
LogConfig: Setting CVar [[s.PriorityAsyncLoadingExtraTime:15.0]]
LogConfig: Setting CVar [[s.LevelStreamingActorsUpdateTimeLimit:5.0]]
LogConfig: Setting CVar [[s.PriorityLevelStreamingActorsUpdateExtraTime:5.0]]
LogConfig: Setting CVar [[s.LevelStreamingComponentsRegistrationGranularity:10]]
LogConfig: Setting CVar [[s.UnregisterComponentsTimeLimit:1.0]]
LogConfig: Setting CVar [[s.LevelStreamingComponentsUnregistrationGranularity:5]]
LogConfig: Setting CVar [[s.FlushStreamingOnExit:1]]
LogInit: Object subsystem initialized
LogConfig: Setting CVar [[con.DebugEarlyDefault:1]]
LogConfig: Setting CVar [[r.setres:1280x720]]
[2022.04.02-02.10.19:374][  0]LogConfig: Setting CVar [[r.VSync:0]]
[2022.04.02-02.10.19:374][  0]LogConfig: Setting CVar [[r.RHICmdBypass:0]]
[2022.04.02-02.10.19:374][  0]LogConfig: Applying CVar settings from Section [/Script/Engine.RendererSettings] File [D:/LD50/TheEclipse/Saved/Config/Windows/Engine.ini]
[2022.04.02-02.10.19:374][  0]LogConfig: Setting CVar [[r.GPUCrashDebugging:0]]
[2022.04.02-02.10.19:374][  0]LogConfig: Applying CVar settings from Section [/Script/Engine.RendererOverrideSettings] File [D:/LD50/TheEclipse/Saved/Config/Windows/Engine.ini]
[2022.04.02-02.10.19:374][  0]LogConfig: Applying CVar settings from Section [/Script/Engine.StreamingSettings] File [D:/LD50/TheEclipse/Saved/Config/Windows/Engine.ini]
[2022.04.02-02.10.19:374][  0]LogConfig: Setting CVar [[s.MinBulkDataSizeForAsyncLoading:131072]]
[2022.04.02-02.10.19:374][  0]LogConfig: Setting CVar [[s.AsyncLoadingThreadEnabled:0]]
[2022.04.02-02.10.19:374][  0]LogConfig: Setting CVar [[s.EventDrivenLoaderEnabled:1]]
[2022.04.02-02.10.19:374][  0]LogConfig: Setting CVar [[s.WarnIfTimeLimitExceeded:0]]
[2022.04.02-02.10.19:374][  0]LogConfig: Setting CVar [[s.TimeLimitExceededMultiplier:1.5]]
[2022.04.02-02.10.19:374][  0]LogConfig: Setting CVar [[s.TimeLimitExceededMinTime:0.005]]
[2022.04.02-02.10.19:374][  0]LogConfig: Setting CVar [[s.UseBackgroundLevelStreaming:1]]
[2022.04.02-02.10.19:374][  0]LogConfig: Setting CVar [[s.PriorityAsyncLoadingExtraTime:15.0]]
[2022.04.02-02.10.19:374][  0]LogConfig: Setting CVar [[s.LevelStreamingActorsUpdateTimeLimit:5.0]]
[2022.04.02-02.10.19:374][  0]LogConfig: Setting CVar [[s.PriorityLevelStreamingActorsUpdateExtraTime:5.0]]
[2022.04.02-02.10.19:374][  0]LogConfig: Setting CVar [[s.LevelStreamingComponentsRegistrationGranularity:10]]
[2022.04.02-02.10.19:374][  0]LogConfig: Setting CVar [[s.UnregisterComponentsTimeLimit:1.0]]
[2022.04.02-02.10.19:374][  0]LogConfig: Setting CVar [[s.LevelStreamingComponentsUnregistrationGranularity:5]]
[2022.04.02-02.10.19:374][  0]LogConfig: Setting CVar [[s.FlushStreamingOnExit:1]]
[2022.04.02-02.10.19:374][  0]LogConfig: Applying CVar settings from Section [/Script/Engine.GarbageCollectionSettings] File [D:/LD50/TheEclipse/Saved/Config/Windows/Engine.ini]
[2022.04.02-02.10.19:374][  0]LogConfig: Setting CVar [[gc.MaxObjectsNotConsideredByGC:1]]
[2022.04.02-02.10.19:374][  0]LogConfig: Setting CVar [[gc.SizeOfPermanentObjectPool:0]]
[2022.04.02-02.10.19:374][  0]LogConfig: Setting CVar [[gc.FlushStreamingOnGC:0]]
[2022.04.02-02.10.19:374][  0]LogConfig: Setting CVar [[gc.NumRetriesBeforeForcingGC:10]]
[2022.04.02-02.10.19:374][  0]LogConfig: Setting CVar [[gc.AllowParallelGC:1]]
[2022.04.02-02.10.19:374][  0]LogConfig: Setting CVar [[gc.TimeBetweenPurgingPendingKillObjects:61.1]]
[2022.04.02-02.10.19:374][  0]LogConfig: Setting CVar [[gc.MaxObjectsInEditor:25165824]]
[2022.04.02-02.10.19:374][  0]LogConfig: Setting CVar [[gc.IncrementalBeginDestroyEnabled:1]]
[2022.04.02-02.10.19:374][  0]LogConfig: Setting CVar [[gc.CreateGCClusters:1]]
[2022.04.02-02.10.19:374][  0]LogConfig: Setting CVar [[gc.MinGCClusterSize:5]]
[2022.04.02-02.10.19:374][  0]LogConfig: Setting CVar [[gc.ActorClusteringEnabled:0]]
[2022.04.02-02.10.19:374][  0]LogConfig: Setting CVar [[gc.BlueprintClusteringEnabled:0]]
[2022.04.02-02.10.19:374][  0]LogConfig: Setting CVar [[gc.UseDisregardForGCOnDedicatedServers:0]]
[2022.04.02-02.10.19:374][  0]LogConfig: Setting CVar [[gc.MultithreadedDestructionEnabled:1]]
[2022.04.02-02.10.19:374][  0]LogConfig: Applying CVar settings from Section [/Script/Engine.NetworkSettings] File [D:/LD50/TheEclipse/Saved/Config/Windows/Engine.ini]
[2022.04.02-02.10.19:374][  0]LogConfig: Applying CVar settings from Section [/Script/UnrealEd.CookerSettings] File [D:/LD50/TheEclipse/Saved/Config/Windows/Engine.ini]
[2022.04.02-02.10.19:416][  0]LogConfig: Applying CVar settings from Section [ViewDistanceQuality@3] File [D:/LD50/TheEclipse/Saved/Config/Windows/Scalability.ini]
[2022.04.02-02.10.19:416][  0]LogConfig: Setting CVar [[r.SkeletalMeshLODBias:0]]
[2022.04.02-02.10.19:416][  0]LogConfig: Setting CVar [[r.ViewDistanceScale:1.0]]
[2022.04.02-02.10.19:416][  0]LogConfig: Applying CVar settings from Section [AntiAliasingQuality@3] File [D:/LD50/TheEclipse/Saved/Config/Windows/Scalability.ini]
[2022.04.02-02.10.19:416][  0]LogConfig: Setting CVar [[r.PostProcessAAQuality:4]]
[2022.04.02-02.10.19:416][  0]LogConfig: Applying CVar settings from Section [ShadowQuality@3] File [D:/LD50/TheEclipse/Saved/Config/Windows/Scalability.ini]
[2022.04.02-02.10.19:416][  0]LogConfig: Setting CVar [[r.LightFunctionQuality:1]]
[2022.04.02-02.10.19:416][  0]LogConfig: Setting CVar [[r.ShadowQuality:5]]
[2022.04.02-02.10.19:416][  0]LogConfig: Setting CVar [[r.Shadow.CSM.MaxCascades:10]]
[2022.04.02-02.10.19:416][  0]LogConfig: Setting CVar [[r.Shadow.MaxResolution:2048]]
[2022.04.02-02.10.19:416][  0]LogConfig: Setting CVar [[r.Shadow.MaxCSMResolution:2048]]
[2022.04.02-02.10.19:416][  0]LogConfig: Setting CVar [[r.Shadow.RadiusThreshold:0.01]]
[2022.04.02-02.10.19:416][  0]LogConfig: Setting CVar [[r.Shadow.DistanceScale:1.0]]
[2022.04.02-02.10.19:416][  0]LogConfig: Setting CVar [[r.Shadow.CSM.TransitionScale:1.0]]
[2022.04.02-02.10.19:416][  0]LogConfig: Setting CVar [[r.Shadow.PreShadowResolutionFactor:1.0]]
[2022.04.02-02.10.19:416][  0]LogConfig: Setting CVar [[r.DistanceFieldShadowing:1]]
[2022.04.02-02.10.19:416][  0]LogConfig: Setting CVar [[r.DistanceFieldAO:1]]
[2022.04.02-02.10.19:416][  0]LogConfig: Setting CVar [[r.AOQuality:2]]
[2022.04.02-02.10.19:416][  0]LogConfig: Setting CVar [[r.VolumetricFog:1]]
[2022.04.02-02.10.19:416][  0]LogConfig: Setting CVar [[r.VolumetricFog.GridPixelSize:8]]
[2022.04.02-02.10.19:416][  0]LogConfig: Setting CVar [[r.VolumetricFog.GridSizeZ:128]]
[2022.04.02-02.10.19:416][  0]LogConfig: Setting CVar [[r.VolumetricFog.HistoryMissSupersampleCount:4]]
[2022.04.02-02.10.19:416][  0]LogConfig: Setting CVar [[r.LightMaxDrawDistanceScale:1]]
[2022.04.02-02.10.19:416][  0]LogConfig: Setting CVar [[r.CapsuleShadows:1]]
[2022.04.02-02.10.19:416][  0]LogConfig: Applying CVar settings from Section [PostProcessQuality@3] File [D:/LD50/TheEclipse/Saved/Config/Windows/Scalability.ini]
[2022.04.02-02.10.19:416][  0]LogConfig: Setting CVar [[r.MotionBlurQuality:4]]
[2022.04.02-02.10.19:416][  0]LogConfig: Setting CVar [[r.AmbientOcclusionMipLevelFactor:0.4]]
[2022.04.02-02.10.19:416][  0]LogConfig: Setting CVar [[r.AmbientOcclusionMaxQuality:100]]
[2022.04.02-02.10.19:416][  0]LogConfig: Setting CVar [[r.AmbientOcclusionLevels:-1]]
[2022.04.02-02.10.19:416][  0]LogConfig: Setting CVar [[r.AmbientOcclusionRadiusScale:1.0]]
[2022.04.02-02.10.19:416][  0]LogConfig: Setting CVar [[r.DepthOfFieldQuality:2]]
[2022.04.02-02.10.19:416][  0]LogConfig: Setting CVar [[r.RenderTargetPoolMin:400]]
[2022.04.02-02.10.19:416][  0]LogConfig: Setting CVar [[r.LensFlareQuality:2]]
[2022.04.02-02.10.19:416][  0]LogConfig: Setting CVar [[r.SceneColorFringeQuality:1]]
[2022.04.02-02.10.19:416][  0]LogConfig: Setting CVar [[r.EyeAdaptationQuality:2]]
[2022.04.02-02.10.19:416][  0]LogConfig: Setting CVar [[r.BloomQuality:5]]
[2022.04.02-02.10.19:416][  0]LogConfig: Setting CVar [[r.FastBlurThreshold:100]]
[2022.04.02-02.10.19:416][  0]LogConfig: Setting CVar [[r.Upscale.Quality:3]]
[2022.04.02-02.10.19:416][  0]LogConfig: Setting CVar [[r.Tonemapper.GrainQuantization:1]]
[2022.04.02-02.10.19:416][  0]LogConfig: Setting CVar [[r.LightShaftQuality:1]]
[2022.04.02-02.10.19:416][  0]LogConfig: Setting CVar [[r.Filter.SizeScale:1]]
[2022.04.02-02.10.19:416][  0]LogConfig: Setting CVar [[r.Tonemapper.Quality:5]]
[2022.04.02-02.10.19:416][  0]LogConfig: Setting CVar [[r.DOF.Gather.AccumulatorQuality:1        ; higher gathering accumulator quality]]
[2022.04.02-02.10.19:416][  0]LogConfig: Setting CVar [[r.DOF.Gather.PostfilterMethod:1          ; Median3x3 postfilering method]]
[2022.04.02-02.10.19:416][  0]LogConfig: Setting CVar [[r.DOF.Gather.EnableBokehSettings:0       ; no bokeh simulation when gathering]]
[2022.04.02-02.10.19:416][  0]LogConfig: Setting CVar [[r.DOF.Gather.RingCount:4                 ; medium number of samples when gathering]]
[2022.04.02-02.10.19:416][  0]LogConfig: Setting CVar [[r.DOF.Scatter.ForegroundCompositing:1    ; additive foreground scattering]]
[2022.04.02-02.10.19:416][  0]LogConfig: Setting CVar [[r.DOF.Scatter.BackgroundCompositing:2    ; additive background scattering]]
[2022.04.02-02.10.19:417][  0]LogConfig: Setting CVar [[r.DOF.Scatter.EnableBokehSettings:1      ; bokeh simulation when scattering]]
[2022.04.02-02.10.19:417][  0]LogConfig: Setting CVar [[r.DOF.Scatter.MaxSpriteRatio:0.1         ; only a maximum of 10% of scattered bokeh]]
[2022.04.02-02.10.19:417][  0]LogConfig: Setting CVar [[r.DOF.Recombine.Quality:1                ; cheap slight out of focus]]
[2022.04.02-02.10.19:417][  0]LogConfig: Setting CVar [[r.DOF.Recombine.EnableBokehSettings:0    ; no bokeh simulation on slight out of focus]]
[2022.04.02-02.10.19:417][  0]LogConfig: Setting CVar [[r.DOF.TemporalAAQuality:1                ; more stable temporal accumulation]]
[2022.04.02-02.10.19:417][  0]LogConfig: Setting CVar [[r.DOF.Kernel.MaxForegroundRadius:0.025]]
[2022.04.02-02.10.19:417][  0]LogConfig: Setting CVar [[r.DOF.Kernel.MaxBackgroundRadius:0.025]]
[2022.04.02-02.10.19:417][  0]LogConfig: Applying CVar settings from Section [TextureQuality@3] File [D:/LD50/TheEclipse/Saved/Config/Windows/Scalability.ini]
[2022.04.02-02.10.19:417][  0]LogConfig: Setting CVar [[r.Streaming.MipBias:0]]
[2022.04.02-02.10.19:417][  0]LogConfig: Setting CVar [[r.Streaming.AmortizeCPUToGPUCopy:0]]
[2022.04.02-02.10.19:417][  0]LogConfig: Setting CVar [[r.Streaming.MaxNumTexturesToStreamPerFrame:0]]
[2022.04.02-02.10.19:417][  0]LogConfig: Setting CVar [[r.Streaming.Boost:1]]
[2022.04.02-02.10.19:417][  0]LogConfig: Setting CVar [[r.MaxAnisotropy:8]]
[2022.04.02-02.10.19:417][  0]LogConfig: Setting CVar [[r.VT.MaxAnisotropy:8]]
[2022.04.02-02.10.19:417][  0]LogConfig: Setting CVar [[r.Streaming.LimitPoolSizeToVRAM:0]]
[2022.04.02-02.10.19:417][  0]LogConfig: Setting CVar [[r.Streaming.PoolSize:1000]]
[2022.04.02-02.10.19:417][  0]LogConfig: Setting CVar [[r.Streaming.MaxEffectiveScreenSize:0]]
[2022.04.02-02.10.19:417][  0]LogConfig: Applying CVar settings from Section [EffectsQuality@3] File [D:/LD50/TheEclipse/Saved/Config/Windows/Scalability.ini]
[2022.04.02-02.10.19:417][  0]LogConfig: Setting CVar [[r.TranslucencyLightingVolumeDim:64]]
[2022.04.02-02.10.19:417][  0]LogConfig: Setting CVar [[r.RefractionQuality:2]]
[2022.04.02-02.10.19:417][  0]LogConfig: Setting CVar [[r.SSR.Quality:3]]
[2022.04.02-02.10.19:417][  0]LogConfig: Setting CVar [[r.SSR.HalfResSceneColor:0]]
[2022.04.02-02.10.19:417][  0]LogConfig: Setting CVar [[r.SceneColorFormat:4]]
[2022.04.02-02.10.19:417][  0]LogConfig: Setting CVar [[r.DetailMode:2]]
[2022.04.02-02.10.19:417][  0]LogConfig: Setting CVar [[r.TranslucencyVolumeBlur:1]]
[2022.04.02-02.10.19:417][  0]LogConfig: Setting CVar [[r.MaterialQualityLevel:1 ; High quality]]
[2022.04.02-02.10.19:417][  0]LogConfig: Setting CVar [[r.AnisotropicMaterials:1]]
[2022.04.02-02.10.19:417][  0]LogConfig: Setting CVar [[r.SSS.Scale:1]]
[2022.04.02-02.10.19:417][  0]LogConfig: Setting CVar [[r.SSS.SampleSet:2]]
[2022.04.02-02.10.19:417][  0]LogConfig: Setting CVar [[r.SSS.Quality:1]]
[2022.04.02-02.10.19:417][  0]LogConfig: Setting CVar [[r.SSS.HalfRes:0]]
[2022.04.02-02.10.19:417][  0]LogConfig: Setting CVar [[r.SSGI.Quality:3]]
[2022.04.02-02.10.19:417][  0]LogConfig: Setting CVar [[r.EmitterSpawnRateScale:1.0]]
[2022.04.02-02.10.19:417][  0]LogConfig: Setting CVar [[r.ParticleLightQuality:2]]
[2022.04.02-02.10.19:417][  0]LogConfig: Setting CVar [[r.SkyAtmosphere.AerialPerspectiveLUT.FastApplyOnOpaque:1 ; Always have FastSkyLUT 1 in this case to avoid wrong sky]]
[2022.04.02-02.10.19:417][  0]LogConfig: Setting CVar [[r.SkyAtmosphere.AerialPerspectiveLUT.SampleCountMaxPerSlice:4]]
[2022.04.02-02.10.19:417][  0]LogConfig: Setting CVar [[r.SkyAtmosphere.AerialPerspectiveLUT.DepthResolution:16.0]]
[2022.04.02-02.10.19:417][  0]LogConfig: Setting CVar [[r.SkyAtmosphere.FastSkyLUT:1]]
[2022.04.02-02.10.19:417][  0]LogConfig: Setting CVar [[r.SkyAtmosphere.FastSkyLUT.SampleCountMin:4.0]]
[2022.04.02-02.10.19:417][  0]LogConfig: Setting CVar [[r.SkyAtmosphere.FastSkyLUT.SampleCountMax:128.0]]
[2022.04.02-02.10.19:417][  0]LogConfig: Setting CVar [[r.SkyAtmosphere.SampleCountMin:4.0]]
[2022.04.02-02.10.19:417][  0]LogConfig: Setting CVar [[r.SkyAtmosphere.SampleCountMax:128.0]]
[2022.04.02-02.10.19:417][  0]LogConfig: Setting CVar [[r.SkyAtmosphere.TransmittanceLUT.UseSmallFormat:0]]
[2022.04.02-02.10.19:417][  0]LogConfig: Setting CVar [[r.SkyAtmosphere.TransmittanceLUT.SampleCount:10.0]]
[2022.04.02-02.10.19:417][  0]LogConfig: Setting CVar [[r.SkyAtmosphere.MultiScatteringLUT.SampleCount:15.0]]
[2022.04.02-02.10.19:417][  0]LogConfig: Setting CVar [[r.SkyLight.RealTimeReflectionCapture:1]]
[2022.04.02-02.10.19:417][  0]LogConfig: Applying CVar settings from Section [FoliageQuality@3] File [D:/LD50/TheEclipse/Saved/Config/Windows/Scalability.ini]
[2022.04.02-02.10.19:417][  0]LogConfig: Setting CVar [[foliage.DensityScale:1.0]]
[2022.04.02-02.10.19:417][  0]LogConfig: Setting CVar [[grass.DensityScale:1.0]]
[2022.04.02-02.10.19:417][  0]LogConfig: Applying CVar settings from Section [ShadingQuality@3] File [D:/LD50/TheEclipse/Saved/Config/Windows/Scalability.ini]
[2022.04.02-02.10.19:417][  0]LogConfig: Setting CVar [[r.HairStrands.SkyLighting.IntegrationType:2]]
[2022.04.02-02.10.19:417][  0]LogConfig: Setting CVar [[r.HairStrands.SkyAO.SampleCount:4]]
[2022.04.02-02.10.19:417][  0]LogConfig: Setting CVar [[r.HairStrands.Visibility.MSAA.SamplePerPixel:4]]
[2022.04.02-02.10.19:417][  0]LogInit: Selected Device Profile: [Windows]
[2022.04.02-02.10.19:417][  0]LogInit: Applying CVar settings loaded from the selected device profile: [Windows]
[2022.04.02-02.10.19:417][  0]LogHAL: Display: Platform has ~ 24 GB [25709907968 / 34359738368 / 24], which maps to Larger [LargestMinGB=32, LargerMinGB=12, DefaultMinGB=8, SmallerMinGB=6, SmallestMinGB=0)
[2022.04.02-02.10.19:417][  0]LogInit: Going up to parent DeviceProfile []
[2022.04.02-02.10.19:417][  0]LogConfig: Applying CVar settings from Section [ViewDistanceQuality@3] File [D:/LD50/TheEclipse/Saved/Config/Windows/Scalability.ini]
[2022.04.02-02.10.19:417][  0]LogConfig: Setting CVar [[r.SkeletalMeshLODBias:0]]
[2022.04.02-02.10.19:417][  0]LogConfig: Setting CVar [[r.ViewDistanceScale:1.0]]
[2022.04.02-02.10.19:417][  0]LogConfig: Applying CVar settings from Section [AntiAliasingQuality@3] File [D:/LD50/TheEclipse/Saved/Config/Windows/Scalability.ini]
[2022.04.02-02.10.19:417][  0]LogConfig: Setting CVar [[r.PostProcessAAQuality:4]]
[2022.04.02-02.10.19:417][  0]LogConfig: Applying CVar settings from Section [ShadowQuality@3] File [D:/LD50/TheEclipse/Saved/Config/Windows/Scalability.ini]
[2022.04.02-02.10.19:417][  0]LogConfig: Setting CVar [[r.LightFunctionQuality:1]]
[2022.04.02-02.10.19:417][  0]LogConfig: Setting CVar [[r.ShadowQuality:5]]
[2022.04.02-02.10.19:417][  0]LogConfig: Setting CVar [[r.Shadow.CSM.MaxCascades:10]]
[2022.04.02-02.10.19:417][  0]LogConfig: Setting CVar [[r.Shadow.MaxResolution:2048]]
[2022.04.02-02.10.19:417][  0]LogConfig: Setting CVar [[r.Shadow.MaxCSMResolution:2048]]
[2022.04.02-02.10.19:417][  0]LogConfig: Setting CVar [[r.Shadow.RadiusThreshold:0.01]]
[2022.04.02-02.10.19:417][  0]LogConfig: Setting CVar [[r.Shadow.DistanceScale:1.0]]
[2022.04.02-02.10.19:417][  0]LogConfig: Setting CVar [[r.Shadow.CSM.TransitionScale:1.0]]
[2022.04.02-02.10.19:417][  0]LogConfig: Setting CVar [[r.Shadow.PreShadowResolutionFactor:1.0]]
[2022.04.02-02.10.19:417][  0]LogConfig: Setting CVar [[r.DistanceFieldShadowing:1]]
[2022.04.02-02.10.19:417][  0]LogConfig: Setting CVar [[r.DistanceFieldAO:1]]
[2022.04.02-02.10.19:417][  0]LogConfig: Setting CVar [[r.AOQuality:2]]
[2022.04.02-02.10.19:417][  0]LogConfig: Setting CVar [[r.VolumetricFog:1]]
[2022.04.02-02.10.19:417][  0]LogConfig: Setting CVar [[r.VolumetricFog.GridPixelSize:8]]
[2022.04.02-02.10.19:417][  0]LogConfig: Setting CVar [[r.VolumetricFog.GridSizeZ:128]]
[2022.04.02-02.10.19:417][  0]LogConfig: Setting CVar [[r.VolumetricFog.HistoryMissSupersampleCount:4]]
[2022.04.02-02.10.19:417][  0]LogConfig: Setting CVar [[r.LightMaxDrawDistanceScale:1]]
[2022.04.02-02.10.19:417][  0]LogConfig: Setting CVar [[r.CapsuleShadows:1]]
[2022.04.02-02.10.19:417][  0]LogConfig: Applying CVar settings from Section [PostProcessQuality@3] File [D:/LD50/TheEclipse/Saved/Config/Windows/Scalability.ini]
[2022.04.02-02.10.19:417][  0]LogConfig: Setting CVar [[r.MotionBlurQuality:4]]
[2022.04.02-02.10.19:417][  0]LogConfig: Setting CVar [[r.AmbientOcclusionMipLevelFactor:0.4]]
[2022.04.02-02.10.19:417][  0]LogConfig: Setting CVar [[r.AmbientOcclusionMaxQuality:100]]
[2022.04.02-02.10.19:417][  0]LogConfig: Setting CVar [[r.AmbientOcclusionLevels:-1]]
[2022.04.02-02.10.19:417][  0]LogConfig: Setting CVar [[r.AmbientOcclusionRadiusScale:1.0]]
[2022.04.02-02.10.19:418][  0]LogConfig: Setting CVar [[r.DepthOfFieldQuality:2]]
[2022.04.02-02.10.19:418][  0]LogConfig: Setting CVar [[r.RenderTargetPoolMin:400]]
[2022.04.02-02.10.19:418][  0]LogConfig: Setting CVar [[r.LensFlareQuality:2]]
[2022.04.02-02.10.19:418][  0]LogConfig: Setting CVar [[r.SceneColorFringeQuality:1]]
[2022.04.02-02.10.19:418][  0]LogConfig: Setting CVar [[r.EyeAdaptationQuality:2]]
[2022.04.02-02.10.19:418][  0]LogConfig: Setting CVar [[r.BloomQuality:5]]
[2022.04.02-02.10.19:418][  0]LogConfig: Setting CVar [[r.FastBlurThreshold:100]]
[2022.04.02-02.10.19:418][  0]LogConfig: Setting CVar [[r.Upscale.Quality:3]]
[2022.04.02-02.10.19:418][  0]LogConfig: Setting CVar [[r.Tonemapper.GrainQuantization:1]]
[2022.04.02-02.10.19:418][  0]LogConfig: Setting CVar [[r.LightShaftQuality:1]]
[2022.04.02-02.10.19:418][  0]LogConfig: Setting CVar [[r.Filter.SizeScale:1]]
[2022.04.02-02.10.19:418][  0]LogConfig: Setting CVar [[r.Tonemapper.Quality:5]]
[2022.04.02-02.10.19:418][  0]LogConfig: Setting CVar [[r.DOF.Gather.AccumulatorQuality:1        ; higher gathering accumulator quality]]
[2022.04.02-02.10.19:418][  0]LogConfig: Setting CVar [[r.DOF.Gather.PostfilterMethod:1          ; Median3x3 postfilering method]]
[2022.04.02-02.10.19:418][  0]LogConfig: Setting CVar [[r.DOF.Gather.EnableBokehSettings:0       ; no bokeh simulation when gathering]]
[2022.04.02-02.10.19:418][  0]LogConfig: Setting CVar [[r.DOF.Gather.RingCount:4                 ; medium number of samples when gathering]]
[2022.04.02-02.10.19:418][  0]LogConfig: Setting CVar [[r.DOF.Scatter.ForegroundCompositing:1    ; additive foreground scattering]]
[2022.04.02-02.10.19:418][  0]LogConfig: Setting CVar [[r.DOF.Scatter.BackgroundCompositing:2    ; additive background scattering]]
[2022.04.02-02.10.19:418][  0]LogConfig: Setting CVar [[r.DOF.Scatter.EnableBokehSettings:1      ; bokeh simulation when scattering]]
[2022.04.02-02.10.19:418][  0]LogConfig: Setting CVar [[r.DOF.Scatter.MaxSpriteRatio:0.1         ; only a maximum of 10% of scattered bokeh]]
[2022.04.02-02.10.19:418][  0]LogConfig: Setting CVar [[r.DOF.Recombine.Quality:1                ; cheap slight out of focus]]
[2022.04.02-02.10.19:418][  0]LogConfig: Setting CVar [[r.DOF.Recombine.EnableBokehSettings:0    ; no bokeh simulation on slight out of focus]]
[2022.04.02-02.10.19:418][  0]LogConfig: Setting CVar [[r.DOF.TemporalAAQuality:1                ; more stable temporal accumulation]]
[2022.04.02-02.10.19:418][  0]LogConfig: Setting CVar [[r.DOF.Kernel.MaxForegroundRadius:0.025]]
[2022.04.02-02.10.19:418][  0]LogConfig: Setting CVar [[r.DOF.Kernel.MaxBackgroundRadius:0.025]]
[2022.04.02-02.10.19:418][  0]LogConfig: Applying CVar settings from Section [TextureQuality@3] File [D:/LD50/TheEclipse/Saved/Config/Windows/Scalability.ini]
[2022.04.02-02.10.19:418][  0]LogConfig: Setting CVar [[r.Streaming.MipBias:0]]
[2022.04.02-02.10.19:418][  0]LogConfig: Setting CVar [[r.Streaming.AmortizeCPUToGPUCopy:0]]
[2022.04.02-02.10.19:418][  0]LogConfig: Setting CVar [[r.Streaming.MaxNumTexturesToStreamPerFrame:0]]
[2022.04.02-02.10.19:418][  0]LogConfig: Setting CVar [[r.Streaming.Boost:1]]
[2022.04.02-02.10.19:418][  0]LogConfig: Setting CVar [[r.MaxAnisotropy:8]]
[2022.04.02-02.10.19:418][  0]LogConfig: Setting CVar [[r.VT.MaxAnisotropy:8]]
[2022.04.02-02.10.19:418][  0]LogConfig: Setting CVar [[r.Streaming.LimitPoolSizeToVRAM:0]]
[2022.04.02-02.10.19:418][  0]LogConfig: Setting CVar [[r.Streaming.PoolSize:1000]]
[2022.04.02-02.10.19:418][  0]LogConfig: Setting CVar [[r.Streaming.MaxEffectiveScreenSize:0]]
[2022.04.02-02.10.19:418][  0]LogConfig: Applying CVar settings from Section [EffectsQuality@3] File [D:/LD50/TheEclipse/Saved/Config/Windows/Scalability.ini]
[2022.04.02-02.10.19:418][  0]LogConfig: Setting CVar [[r.TranslucencyLightingVolumeDim:64]]
[2022.04.02-02.10.19:418][  0]LogConfig: Setting CVar [[r.RefractionQuality:2]]
[2022.04.02-02.10.19:418][  0]LogConfig: Setting CVar [[r.SSR.Quality:3]]
[2022.04.02-02.10.19:418][  0]LogConfig: Setting CVar [[r.SSR.HalfResSceneColor:0]]
[2022.04.02-02.10.19:418][  0]LogConfig: Setting CVar [[r.SceneColorFormat:4]]
[2022.04.02-02.10.19:418][  0]LogConfig: Setting CVar [[r.DetailMode:2]]
[2022.04.02-02.10.19:418][  0]LogConfig: Setting CVar [[r.TranslucencyVolumeBlur:1]]
[2022.04.02-02.10.19:418][  0]LogConfig: Setting CVar [[r.MaterialQualityLevel:1 ; High quality]]
[2022.04.02-02.10.19:418][  0]LogConfig: Setting CVar [[r.AnisotropicMaterials:1]]
[2022.04.02-02.10.19:418][  0]LogConfig: Setting CVar [[r.SSS.Scale:1]]
[2022.04.02-02.10.19:418][  0]LogConfig: Setting CVar [[r.SSS.SampleSet:2]]
[2022.04.02-02.10.19:418][  0]LogConfig: Setting CVar [[r.SSS.Quality:1]]
[2022.04.02-02.10.19:418][  0]LogConfig: Setting CVar [[r.SSS.HalfRes:0]]
[2022.04.02-02.10.19:418][  0]LogConfig: Setting CVar [[r.SSGI.Quality:3]]
[2022.04.02-02.10.19:418][  0]LogConfig: Setting CVar [[r.EmitterSpawnRateScale:1.0]]
[2022.04.02-02.10.19:418][  0]LogConfig: Setting CVar [[r.ParticleLightQuality:2]]
[2022.04.02-02.10.19:418][  0]LogConfig: Setting CVar [[r.SkyAtmosphere.AerialPerspectiveLUT.FastApplyOnOpaque:1 ; Always have FastSkyLUT 1 in this case to avoid wrong sky]]
[2022.04.02-02.10.19:418][  0]LogConfig: Setting CVar [[r.SkyAtmosphere.AerialPerspectiveLUT.SampleCountMaxPerSlice:4]]
[2022.04.02-02.10.19:418][  0]LogConfig: Setting CVar [[r.SkyAtmosphere.AerialPerspectiveLUT.DepthResolution:16.0]]
[2022.04.02-02.10.19:418][  0]LogConfig: Setting CVar [[r.SkyAtmosphere.FastSkyLUT:1]]
[2022.04.02-02.10.19:418][  0]LogConfig: Setting CVar [[r.SkyAtmosphere.FastSkyLUT.SampleCountMin:4.0]]
[2022.04.02-02.10.19:418][  0]LogConfig: Setting CVar [[r.SkyAtmosphere.FastSkyLUT.SampleCountMax:128.0]]
[2022.04.02-02.10.19:418][  0]LogConfig: Setting CVar [[r.SkyAtmosphere.SampleCountMin:4.0]]
[2022.04.02-02.10.19:418][  0]LogConfig: Setting CVar [[r.SkyAtmosphere.SampleCountMax:128.0]]
[2022.04.02-02.10.19:418][  0]LogConfig: Setting CVar [[r.SkyAtmosphere.TransmittanceLUT.UseSmallFormat:0]]
[2022.04.02-02.10.19:418][  0]LogConfig: Setting CVar [[r.SkyAtmosphere.TransmittanceLUT.SampleCount:10.0]]
[2022.04.02-02.10.19:418][  0]LogConfig: Setting CVar [[r.SkyAtmosphere.MultiScatteringLUT.SampleCount:15.0]]
[2022.04.02-02.10.19:418][  0]LogConfig: Setting CVar [[r.SkyLight.RealTimeReflectionCapture:1]]
[2022.04.02-02.10.19:418][  0]LogConfig: Applying CVar settings from Section [FoliageQuality@3] File [D:/LD50/TheEclipse/Saved/Config/Windows/Scalability.ini]
[2022.04.02-02.10.19:418][  0]LogConfig: Setting CVar [[foliage.DensityScale:1.0]]
[2022.04.02-02.10.19:418][  0]LogConfig: Setting CVar [[grass.DensityScale:1.0]]
[2022.04.02-02.10.19:418][  0]LogConfig: Applying CVar settings from Section [ShadingQuality@3] File [D:/LD50/TheEclipse/Saved/Config/Windows/Scalability.ini]
[2022.04.02-02.10.19:418][  0]LogConfig: Setting CVar [[r.HairStrands.SkyLighting.IntegrationType:2]]
[2022.04.02-02.10.19:418][  0]LogConfig: Setting CVar [[r.HairStrands.SkyAO.SampleCount:4]]
[2022.04.02-02.10.19:418][  0]LogConfig: Setting CVar [[r.HairStrands.Visibility.MSAA.SamplePerPixel:4]]
[2022.04.02-02.10.19:418][  0]LogConfig: Applying CVar settings from Section [Startup] File [../../../Engine/Config/ConsoleVariables.ini]
[2022.04.02-02.10.19:418][  0]LogConfig: Setting CVar [[net.UseAdaptiveNetUpdateFrequency:0]]
[2022.04.02-02.10.19:418][  0]LogConfig: Setting CVar [[p.chaos.AllowCreatePhysxBodies:1]]
[2022.04.02-02.10.19:418][  0]LogConfig: Setting CVar [[fx.SkipVectorVMBackendOptimizations:1]]
[2022.04.02-02.10.19:418][  0]LogConfig: Applying CVar settings from Section [ConsoleVariables] File [D:/LD50/TheEclipse/Saved/Config/Windows/Engine.ini]
[2022.04.02-02.10.19:418][  0]LogConfig: Applying CVar settings from Section [ConsoleVariables] File [D:/LD50/TheEclipse/Saved/Config/Windows/Editor.ini]
[2022.04.02-02.10.19:419][  0]LogInit: Computer: DESKTOP-6DAELIS
[2022.04.02-02.10.19:419][  0]LogInit: User: Jason
[2022.04.02-02.10.19:419][  0]LogInit: CPU Page size=4096, Cores=4
[2022.04.02-02.10.19:419][  0]LogInit: High frequency timer resolution =10.000000 MHz
[2022.04.02-02.10.19:419][  0]LogMemory: Memory total: Physical=23.9GB (24GB approx)
[2022.04.02-02.10.19:419][  0]LogMemory: Platform Memory Stats for Windows
[2022.04.02-02.10.19:419][  0]LogMemory: Process Physical Memory: 143.84 MB used, 143.85 MB peak
[2022.04.02-02.10.19:419][  0]LogMemory: Process Virtual Memory: 114.58 MB used, 114.58 MB peak
[2022.04.02-02.10.19:419][  0]LogMemory: Physical Memory: 10217.57 MB used,  14301.30 MB free, 24518.88 MB total
[2022.04.02-02.10.19:419][  0]LogMemory: Virtual Memory: 134202296.00 MB used,  15433.19 MB free, 134217728.00 MB total
[2022.04.02-02.10.19:425][  0]LogWindows: WindowsPlatformFeatures enabled
[2022.04.02-02.10.19:484][  0]LogInit: Physics initialised using underlying interface: PhysX
[2022.04.02-02.10.19:485][  0]LogInit: Using OS detected language (en-US).
[2022.04.02-02.10.19:485][  0]LogInit: Using OS detected locale (en-US).
[2022.04.02-02.10.19:488][  0]LogTextLocalizationManager: No specific localization for 'en-US' exists, so the 'en' localization will be used.
[2022.04.02-02.10.19:752][  0]LogInit: Setting process to per monitor DPI aware
[2022.04.02-02.10.19:765][  0]LogWindowsTextInputMethodSystem: Display: IME system deactivated.
[2022.04.02-02.10.19:787][  0]LogSlate: New Slate User Created.  User Index 0, Is Virtual User: 0
[2022.04.02-02.10.19:787][  0]LogSlate: Slate User Registered.  User Index 0, Is Virtual User: 0
[2022.04.02-02.10.19:945][  0]LogD3D11RHI: Loaded GFSDK_Aftermath_Lib.x64.dll
[2022.04.02-02.10.19:948][  0]LogHMD: Failed to initialize OpenVR with code 100
[2022.04.02-02.10.19:948][  0]LogD3D11RHI: D3D11 min allowed feature level: 11_0
[2022.04.02-02.10.19:948][  0]LogD3D11RHI: D3D11 max allowed feature level: 11_0
[2022.04.02-02.10.19:948][  0]LogD3D11RHI: D3D11 adapters:
[2022.04.02-02.10.20:104][  0]LogD3D11RHI:    0. 'NVIDIA GeForce RTX 3070' (Feature Level 11_0)
[2022.04.02-02.10.20:104][  0]LogD3D11RHI:       8043/0/12259 MB DedicatedVideo/DedicatedSystem/SharedSystem, Outputs:3, VendorId:0x10de
[2022.04.02-02.10.20:108][  0]LogD3D11RHI:    1. 'Microsoft Basic Render Driver' (Feature Level 11_0)
[2022.04.02-02.10.20:108][  0]LogD3D11RHI:       0/0/12259 MB DedicatedVideo/DedicatedSystem/SharedSystem, Outputs:0, VendorId:0x1414
[2022.04.02-02.10.20:108][  0]LogD3D11RHI: Chosen D3D11 Adapter:
[2022.04.02-02.10.20:108][  0]LogD3D11RHI:     Description : NVIDIA GeForce RTX 3070
[2022.04.02-02.10.20:108][  0]LogD3D11RHI:     VendorId    : 10de
[2022.04.02-02.10.20:108][  0]LogD3D11RHI:     DeviceId    : 2484
[2022.04.02-02.10.20:108][  0]LogD3D11RHI:     SubSysId    : 146b10de
[2022.04.02-02.10.20:108][  0]LogD3D11RHI:     Revision    : 00a1
[2022.04.02-02.10.20:108][  0]LogD3D11RHI:     DedicatedVideoMemory : 8433696768 bytes
[2022.04.02-02.10.20:108][  0]LogD3D11RHI:     DedicatedSystemMemory : 0 bytes
[2022.04.02-02.10.20:108][  0]LogD3D11RHI:     SharedSystemMemory : 12854953984 bytes
[2022.04.02-02.10.20:108][  0]LogD3D11RHI:     AdapterLuid : 0 47896
[2022.04.02-02.10.20:118][  0]LogD3D11RHI: Creating new Direct3DDevice
[2022.04.02-02.10.20:118][  0]LogD3D11RHI:     GPU DeviceId: 0x2484 (for the marketing name, search the web for "GPU Device Id")
[2022.04.02-02.10.20:118][  0]LogWindows: EnumDisplayDevices:
[2022.04.02-02.10.20:118][  0]LogWindows:    0. 'NVIDIA GeForce RTX 3070' (P:1 D:1)
[2022.04.02-02.10.20:119][  0]LogWindows:    1. 'NVIDIA GeForce RTX 3070' (P:0 D:1)
[2022.04.02-02.10.20:119][  0]LogWindows:    2. 'NVIDIA GeForce RTX 3070' (P:0 D:1)
[2022.04.02-02.10.20:120][  0]LogWindows:    3. 'NVIDIA GeForce RTX 3070' (P:0 D:0)
[2022.04.02-02.10.20:120][  0]LogWindows: DebugString: FoundDriverCount:4 
[2022.04.02-02.10.20:120][  0]LogD3D11RHI:     Adapter Name: NVIDIA GeForce RTX 3070
[2022.04.02-02.10.20:120][  0]LogD3D11RHI:   Driver Version: 511.79 (internal:30.0.15.1179, unified:511.79)
[2022.04.02-02.10.20:120][  0]LogD3D11RHI:      Driver Date: 2-10-2022
[2022.04.02-02.10.20:120][  0]LogRHI: Texture pool is 5630 MB (70% of 8043 MB)
[2022.04.02-02.10.20:120][  0]LogD3D11RHI: Creating D3DDevice using adapter:
[2022.04.02-02.10.20:120][  0]LogD3D11RHI:     Description : NVIDIA GeForce RTX 3070
[2022.04.02-02.10.20:120][  0]LogD3D11RHI:     VendorId    : 10de
[2022.04.02-02.10.20:120][  0]LogD3D11RHI:     DeviceId    : 2484
[2022.04.02-02.10.20:120][  0]LogD3D11RHI:     SubSysId    : 146b10de
[2022.04.02-02.10.20:120][  0]LogD3D11RHI:     Revision    : 00a1
[2022.04.02-02.10.20:120][  0]LogD3D11RHI:     DedicatedVideoMemory : 8433696768 bytes
[2022.04.02-02.10.20:120][  0]LogD3D11RHI:     DedicatedSystemMemory : 0 bytes
[2022.04.02-02.10.20:120][  0]LogD3D11RHI:     SharedSystemMemory : 12854953984 bytes
[2022.04.02-02.10.20:120][  0]LogD3D11RHI:     AdapterLuid : 0 47896
[2022.04.02-02.10.20:213][  0]LogD3D11RHI: RHI has support for 64 bit atomics
[2022.04.02-02.10.20:213][  0]LogD3D11RHI: Async texture creation enabled
[2022.04.02-02.10.20:213][  0]LogD3D11RHI: Array index from any shader is supported
[2022.04.02-02.10.20:240][  0]LogD3D11RHI: GPU Timing Frequency: 1000.000000 (Debug: 2 1)
[2022.04.02-02.10.20:300][  0]LogRHI: GeForceNow SDK initialized: 1
[2022.04.02-02.10.20:709][  0]LogTargetPlatformManager: Display: Loaded TargetPlatform 'AllDesktop'
[2022.04.02-02.10.20:742][  0]LogTargetPlatformManager: Display: Loaded TargetPlatform 'Android'
[2022.04.02-02.10.20:742][  0]LogTargetPlatformManager: Display: Loaded TargetPlatform 'Android_ASTC'
[2022.04.02-02.10.20:742][  0]LogTargetPlatformManager: Display: Loaded TargetPlatform 'Android_DXT'
[2022.04.02-02.10.20:742][  0]LogTargetPlatformManager: Display: Loaded TargetPlatform 'Android_ETC2'
[2022.04.02-02.10.20:742][  0]LogTargetPlatformManager: Display: Loaded TargetPlatform 'AndroidClient'
[2022.04.02-02.10.20:742][  0]LogTargetPlatformManager: Display: Loaded TargetPlatform 'Android_ASTCClient'
[2022.04.02-02.10.20:742][  0]LogTargetPlatformManager: Display: Loaded TargetPlatform 'Android_DXTClient'
[2022.04.02-02.10.20:742][  0]LogTargetPlatformManager: Display: Loaded TargetPlatform 'Android_ETC2Client'
[2022.04.02-02.10.20:742][  0]LogTargetPlatformManager: Display: Loaded TargetPlatform 'Android_Multi'
[2022.04.02-02.10.20:742][  0]LogTargetPlatformManager: Display: Loaded TargetPlatform 'Android_MultiClient'
[2022.04.02-02.10.20:773][  0]LogTargetPlatformManager: Display: Loaded TargetPlatform 'IOSClient'
[2022.04.02-02.10.20:773][  0]LogTargetPlatformManager: Display: Loaded TargetPlatform 'IOS'
[2022.04.02-02.10.20:784][  0]LogTargetPlatformManager: Display: Loaded TargetPlatform 'Linux'
[2022.04.02-02.10.20:790][  0]LogTargetPlatformManager: Display: Loaded TargetPlatform 'LinuxNoEditor'
[2022.04.02-02.10.20:797][  0]LogTargetPlatformManager: Display: Loaded TargetPlatform 'LinuxClient'
[2022.04.02-02.10.20:802][  0]LogTargetPlatformManager: Display: Loaded TargetPlatform 'LinuxServer'
[2022.04.02-02.10.20:813][  0]LogTargetPlatformManager: Display: Loaded TargetPlatform 'LinuxAArch64NoEditor'
[2022.04.02-02.10.20:818][  0]LogTargetPlatformManager: Display: Loaded TargetPlatform 'LinuxAArch64Client'
[2022.04.02-02.10.20:823][  0]LogTargetPlatformManager: Display: Loaded TargetPlatform 'LinuxAArch64Server'
[2022.04.02-02.10.20:847][  0]LogTargetPlatformManager: Display: Loaded TargetPlatform 'Lumin'
[2022.04.02-02.10.20:847][  0]LogTargetPlatformManager: Display: Loaded TargetPlatform 'LuminClient'
[2022.04.02-02.10.20:855][  0]LogTargetPlatformManager: Display: Loaded TargetPlatform 'MacNoEditor'
[2022.04.02-02.10.20:863][  0]LogTargetPlatformManager: Display: Loaded TargetPlatform 'Mac'
[2022.04.02-02.10.20:869][  0]LogTargetPlatformManager: Display: Loaded TargetPlatform 'MacClient'
[2022.04.02-02.10.20:875][  0]LogTargetPlatformManager: Display: Loaded TargetPlatform 'MacServer'
[2022.04.02-02.10.20:885][  0]LogTargetPlatformManager: Display: Loaded TargetPlatform 'TVOSClient'
[2022.04.02-02.10.20:885][  0]LogTargetPlatformManager: Display: Loaded TargetPlatform 'TVOS'
[2022.04.02-02.10.20:895][  0]LogTargetPlatformManager: Display: Loaded TargetPlatform 'WindowsNoEditor'
[2022.04.02-02.10.20:901][  0]LogTargetPlatformManager: Display: Loaded TargetPlatform 'Windows'
[2022.04.02-02.10.20:907][  0]LogTargetPlatformManager: Display: Loaded TargetPlatform 'WindowsClient'
[2022.04.02-02.10.20:911][  0]LogTargetPlatformManager: Display: Loaded TargetPlatform 'WindowsServer'
[2022.04.02-02.10.20:912][  0]LogTargetPlatformManager: Display: Building Assets For Windows
[2022.04.02-02.10.20:922][  0]LogAudioDebug: Display: Lib vorbis DLL was dynamically loaded.
[2022.04.02-02.10.20:959][  0]LogTextureFormatOodle: Display: Oodle Texture 2.9.0 init RDO Off
[2022.04.02-02.10.20:990][  0]LogRendererCore: Ray tracing is disabled. Reason: r.RayTracing=0.
[2022.04.02-02.10.20:990][  0]LogShaderCompilers: Guid format shader working directory is 15 characters bigger than the processId version (../../../../../LD50/TheEclipse/Intermediate/Shaders/WorkingDirectory/20132/).
[2022.04.02-02.10.20:990][  0]LogShaderCompilers: Cleaned the shader compiler working directory 'C:/Users/Jason/AppData/Local/Temp/UnrealShaderWorkingDir/1723BFF743D11031EEA541A481DB0642/'.
[2022.04.02-02.10.20:990][  0]LogXGEController: Cannot use XGE Controller as Incredibuild is not installed on this machine.
[2022.04.02-02.10.20:990][  0]LogShaderCompilers: Cannot use XGE Shader Compiler as Incredibuild is not installed on this machine.
[2022.04.02-02.10.20:990][  0]LogShaderCompilers: Display: Using Local Shader Compiler.
[2022.04.02-02.10.21:824][  0]LogDerivedDataCache: Display: Max Cache Size: 512 MB
[2022.04.02-02.10.21:905][  0]LogDerivedDataCache: Loaded boot cache 0.08s 103MB C:/Users/Jason/AppData/Local/UnrealEngine/4.27/DerivedDataCache/Boot.ddc.
[2022.04.02-02.10.21:905][  0]LogDerivedDataCache: Display: Loaded Boot cache: C:/Users/Jason/AppData/Local/UnrealEngine/4.27/DerivedDataCache/Boot.ddc
[2022.04.02-02.10.21:905][  0]LogDerivedDataCache: FDerivedDataBackendGraph:  Pak pak cache file ../../../../../LD50/TheEclipse/DerivedDataCache/DDC.ddp not found, will not use a pak cache.
[2022.04.02-02.10.21:905][  0]LogDerivedDataCache: Unable to find inner node Pak for hierarchical cache Hierarchy.
[2022.04.02-02.10.21:905][  0]LogDerivedDataCache: FDerivedDataBackendGraph:  CompressedPak pak cache file ../../../../../LD50/TheEclipse/DerivedDataCache/Compressed.ddp not found, will not use a pak cache.
[2022.04.02-02.10.21:905][  0]LogDerivedDataCache: Unable to find inner node CompressedPak for hierarchical cache Hierarchy.
[2022.04.02-02.10.21:922][  0]LogDerivedDataCache: Display: Pak cache opened for reading ../../../Engine/DerivedDataCache/Compressed.ddp.
[2022.04.02-02.10.21:922][  0]LogDerivedDataCache: FDerivedDataBackendGraph:  EnterprisePak pak cache file ../../../Enterprise/DerivedDataCache/Compressed.ddp not found, will not use a pak cache.
[2022.04.02-02.10.21:922][  0]LogDerivedDataCache: Unable to find inner node EnterprisePak for hierarchical cache Hierarchy.
[2022.04.02-02.10.21:931][  0]LogDerivedDataCache: Speed tests for C:/Users/Jason/AppData/Local/UnrealEngine/Common/DerivedDataCache took 0.01 seconds
[2022.04.02-02.10.21:931][  0]LogDerivedDataCache: Display: Performance to C:/Users/Jason/AppData/Local/UnrealEngine/Common/DerivedDataCache: Latency=0.05ms. RandomReadSpeed=827.12MBs, RandomWriteSpeed=133.34MBs. Assigned SpeedClass 'Local'
[2022.04.02-02.10.21:932][  0]LogDerivedDataCache: Using Local data cache path C:/Users/Jason/AppData/Local/UnrealEngine/Common/DerivedDataCache: Writable
[2022.04.02-02.10.21:932][  0]LogDerivedDataCache: Shared data cache path not found in *engine.ini, will not use an Shared cache.
[2022.04.02-02.10.21:932][  0]LogDerivedDataCache: Unable to find inner node Shared for hierarchical cache Hierarchy.
[2022.04.02-02.10.21:985][  0]LogSlate: Using FreeType 2.10.0
[2022.04.02-02.10.21:986][  0]LogSlate: SlateFontServices - WITH_FREETYPE: 1, WITH_HARFBUZZ: 1
[2022.04.02-02.10.22:009][  0]LogAssetRegistry: FAssetRegistry took 0.0023 seconds to start up
[2022.04.02-02.10.22:243][  0]LogInit: Selected Device Profile: [Windows]
[2022.04.02-02.10.22:243][  0]LogInit: Active device profile: [000001A0E80F9300][000001A0E800A9C0 49] Windows
[2022.04.02-02.10.22:243][  0]LogInit: Profiles: [000001A0E80F9300][000001A0E800A9C0 49] Windows, [000001A0E80CF300][000001A0E8012B40 49] WindowsNoEditor, [000001A0E80FA500][000001A0E8016CC0 49] WindowsServer, [000001A0E80CDE00][000001A0E801AE40 49] WindowsClient, [000001A0E80FB300][000001A0E9030FC0 49] IOS, [000001A0E80CD200][000001A0E9035140 49] iPadAir, [000001A0E80FBC00][000001A0E90392C0 49] iPadAir2, [000001A0E8075F00][000001A0E9041580 49] IPadPro, [000001A0E8076000][000001A0E903D5C0 49] iPadAir3, [000001A0E80CD900][000001A0E9045740 49] iPadAir4, [000001A0E8076F00][000001A0E90498C0 49] iPadMini2, [000001A0E80CF800][000001A0E904DA40 49] iPadMini3, [000001A0E8077A00][000001A0E9051BC0 49] iPadMini4, [000001A0E80CEA00][000001A0E90541C0 49] iPadMini5, [000001A0E8089500][000001A0E905C480 49] iPhone6, [000001A0E8089600][000001A0E90584C0 49] iPodTouch6, [000001A0E80FAB00][000001A0E800E740 49] iPhone7, [000001A0E80FAE00][000001A0E9060780 49] iPodTouch7, [000001A0E8077F00][000001A0E90648C0 49] iPhone5S, [000001A0E80F9700][000001A0E9068A00 49] iPhone6Plus, [000001A0E8075600][000001A0E906CB40 49] iPhone6S, [000001A0E80FA000][000001A0E9074CC0 49] iPhone6SPlus, [000001A0E8075300][000001A0E9078E40 49] iPhone7Plus, [000001A0E80F8400][000001A0E907CFC0 49] iPhoneSE, [000001A0E8074F00][000001A0E9081140 49] iPhone8, [000001A0E80FBF00][000001A0E90852C0 49] iPhone8Plus, [000001A0E8074E00][000001A0E9089440 49] iPhoneX, [000001A0E8075700][000001A0E908D5C0 49] iPhoneXS, [000001A0E8088A00][000001A0E9091740 49] iPhoneXSMax, [000001A0E8077800][000001A0E90958C0 49] iPhoneXR, [000001A0E8089300][000001A0E9099A40 49] iPhone11, [000001A0E8077900][000001A0E909DBC0 49] iPhone11Pro, [000001A0E808BB00][000001A0E90A01C0 49] iPhone11ProMax, [000001A0E8075400][000001A0E90A4340 49] iPhoneSE2, [000001A0E808B900][000001A0E90A84C0 49] iPhone12Mini, [000001A0E8077C00][000001A0E90AC640 49] iPhone12, [000001A0E808B800][000001A0E90B07C0 49] iPhone12Pro, [000001A0E808AA00][000001A0E90B4940 49] iPhone12ProMax, [000001A0E80F8600][000001A0E9070A80 49] iPadPro105, [000001A0E8088D00][000001A0E90B8BC0 49] iPadPro129, [000001A0E8076700][000001A0E90BCD00 49] iPadPro97, [000001A0E808BA00][000001A0E90C4E80 49] iPadPro2_129, [000001A0E8077E00][000001A0E90C9000 49] iPad5, [000001A0E808BF00][000001A0E90CD180 49] iPad6, [000001A0E8074200][000001A0E90D1300 49] iPad7, [000001A0E8089E00][000001A0E90D5480 49] iPad8, [000001A0E8076A00][000001A0E90D9600 49] iPadPro11, [000001A0E808AC00][000001A0E90DD780 49] iPadPro2_11, [000001A0E8076200][000001A0E90E1900 49] iPadPro3_129, [000001A0E8089B00][000001A0E90E5A80 49] iPadPro4_129, [000001A0E8077700][000001A0E90E9C00 49] AppleTV, [000001A0E808A900][000001A0E90EC200 49] AppleTV4K, [000001A0E8076600][000001A0E90F0380 49] TVOS, [000001A0E808BD00][000001A0E90F4500 49] Mac, [000001A0E8075A00][000001A0E90F8680 49] MacClient, [000001A0E808B400][000001A0E90FC800 49] MacNoEditor, [000001A0E8074B00][000001A0E9100980 49] MacServer, [000001A0E808A800][000001A0E9104B00 49] Linux, [000001A0E8077300][000001A0E90C0C40 49] LinuxAArch64, [000001A0E8088B00][000001A0E9108D80 49] LinuxNoEditor, [000001A0E8075800][000001A0E9290EC0 49] LinuxAArch64NoEditor, [000001A0E808B300][000001A0E929D040 49] LinuxClient, [000001A0E8075100][000001A0E92A11C0 49] LinuxAArch64Client, [000001A0E8088E00][000001A0E92A5340 49] LinuxServer, [000001A0E8077000][000001A0E92A94C0 49] LinuxAArch64Server, [000001A0E8088200][000001A0E92AD640 49] Android, [000001A0E8077500][000001A0E92B17C0 49] Android_Low, [000001A0E8088600][000001A0E92B5940 49] Android_Mid, [000001A0E8076900][000001A0E92B9AC0 49] Android_High, [000001A0E8089100][000001A0E92BC0C0 49] Android_Default, [000001A0E8076E00][000001A0E92C0240 49] Android_Adreno4xx, [000001A0E8088800][000001A0E92C43C0 49] Android_Adreno5xx_Low, [000001A0E8075C00][000001A0E92C8540 49] Android_Adreno5xx, [000001A0E8088300][000001A0E92CC6C0 49] Android_Adreno6xx, [000001A0E8076C00][000001A0E92D0840 49] Android_Adreno6xx_Vulkan, [000001A0E808AF00][000001A0E92D49C0 49] Android_Mali_T6xx, [000001A0E8077B00][000001A0E92D8B40 49] Android_Mali_T7xx, [000001A0E808AE00][000001A0E92DCCC0 49] Android_Mali_T8xx, [000001A0E8074100][000001A0E9298E00 49] Android_Mali_G71, [000001A0E8089200][000001A0E92E0F40 49] Android_Mali_G72, [000001A0E8074900][000001A0E92E5080 49] Android_Mali_G72_Vulkan, [000001A0E808A000][000001A0E92E91C0 49] Android_Mali_G76, [000001A0E8074500][000001A0E92F1340 49] Android_Mali_G76_Vulkan, [000001A0E8088100][000001A0E92F54C0 49] Android_Mali_G77, [000001A0E8076300][000001A0E92F9640 49] Android_Mali_G77_Vulkan, [000001A0E8088900][000001A0E92FD7C0 49] Android_Mali_G78, [000001A0E80F8200][000001A0E9301940 49] Android_Mali_G78_Vulkan, [000001A0E80CC900][000001A0E9305AC0 49] Android_Mali_G710, [000001A0E80FB500][000001A0E93080C0 49] Android_Mali_G710_Vulkan, [000001A0E80CCE00][000001A0E930C240 49] Android_Vulkan_SM5, [000001A0E80FA100][000001A0E93103C0 49] Android_PowerVR_G6xxx, [000001A0E80CC400][000001A0E9314540 49] Android_PowerVR_GT7xxx, [000001A0E80F8100][000001A0E93186C0 49] Android_PowerVR_GE8xxx, [000001A0E80CED00][000001A0E931C840 49] Android_PowerVR_GM9xxx, [000001A0E80FAF00][000001A0E93209C0 49] Android_PowerVR_GM9xxx_Vulkan, [000001A0E80CDA00][000001A0E9324B40 49] Android_TegraK1, [000001A0E80FB200][000001A0E9328CC0 49] Android_Unknown_Vulkan, [000001A0E80CE700][000001A0E932CE40 49] Lumin, [000001A0E80F8B00][000001A0E92ECF80 49] Lumin_Desktop, [000001A0E80CE400][000001A0E93310C0 49] HoloLens, 
[2022.04.02-02.10.22:370][  0]LogMeshReduction: Using QuadricMeshReduction for automatic static mesh reduction
[2022.04.02-02.10.22:370][  0]LogMeshReduction: Using SimplygonMeshReduction for automatic skeletal mesh reduction
[2022.04.02-02.10.22:370][  0]LogMeshReduction: Using ProxyLODMeshReduction for automatic mesh merging
[2022.04.02-02.10.22:370][  0]LogMeshReduction: No distributed automatic mesh merging module available
[2022.04.02-02.10.22:370][  0]LogMeshMerging: No distributed automatic mesh merging module available
[2022.04.02-02.10.22:399][  0]LogNetVersion: TheEclipse 1.0.0, NetCL: 17155196, EngineNetVer: 17, GameNetVer: 0 (Checksum: 4135712514)
[2022.04.02-02.10.22:842][  0]LogTexture: Default maximum texture size for cubemaps generated from long-lat sources has been changed from 512 to unlimited. In order to preserve old behaiour for '/Engine/MapTemplates/Sky/DaylightAmbientCubemap.DaylightAmbientCubemap', its maximum texture size has been explicitly set to 512.
[2022.04.02-02.10.22:951][  0]LogHMD: PokeAHoleMaterial loaded successfully
[2022.04.02-02.10.22:959][  0]LogUObjectArray: 17178 objects as part of root set at end of initial load.
[2022.04.02-02.10.22:959][  0]LogUObjectAllocator: 4302048 out of 0 bytes used by permanent object pool.
[2022.04.02-02.10.22:959][  0]LogUObjectArray: CloseDisregardForGC: 0/0 objects in disregard for GC pool
[2022.04.02-02.10.23:303][  0]LogNiagaraDebuggerClient: Niagara Debugger Client Initialized | Session: 11DF7A744A66A4F51078FBB207A73D77 | Instance: E5B731DA4BB8CA37C2B2F796DD57A2C3 (DESKTOP-6DAELIS-20132).
[2022.04.02-02.10.23:334][  0]LogPython: Using Python 3.7.7
[2022.04.02-02.10.24:104][  0]LogTcpMessaging: Initializing TcpMessaging bridge
[2022.04.02-02.10.24:124][  0]LogUdpMessaging: Initializing bridge on interface 0.0.0.0:0 to multicast group 230.0.0.1:6666.
[2022.04.02-02.10.27:333][  0]SourceControl: Source control is disabled
[2022.04.02-02.10.27:333][  0]SourceControl: Source control is disabled
[2022.04.02-02.10.27:336][  0]SourceControl: Source control is disabled
[2022.04.02-02.10.27:348][  0]SourceControl: Source control is disabled
[2022.04.02-02.10.27:353][  0]LogUProjectInfo: Found projects:
[2022.04.02-02.10.27:456][  0]LogOpenImageDenoise: OIDN starting up
[2022.04.02-02.10.27:467][  0]SourceControl: Source control is disabled
[2022.04.02-02.10.27:492][  0]LogAndroidPermission: UAndroidPermissionCallbackProxy::GetInstance
[2022.04.02-02.10.27:513][  0]LogAudioCaptureCore: Display: No Audio Capture implementations found. Audio input will be silent.
[2022.04.02-02.10.27:513][  0]LogAudioCaptureCore: Display: No Audio Capture implementations found. Audio input will be silent.
[2022.04.02-02.10.27:635][  0]LogCollectionManager: Loaded 0 collections in 0.000566 seconds
[2022.04.02-02.10.27:657][  0]LogFileCache: Scanning file cache for directory 'D:/LD50/TheEclipse/Saved/Collections/' took 0.00s
[2022.04.02-02.10.27:657][  0]LogFileCache: Scanning file cache for directory 'D:/LD50/TheEclipse/Content/Developers/Jason/Collections/' took 0.00s
[2022.04.02-02.10.27:657][  0]LogFileCache: Scanning file cache for directory 'D:/LD50/TheEclipse/Content/Collections/' took 0.00s
[2022.04.02-02.10.27:657][  0]LogOcInput: OculusInput pre-init called
[2022.04.02-02.10.27:939][  0]LogEngine: Initializing Engine...
[2022.04.02-02.10.28:099][  0]LogHMD: Failed to enumerate extensions. Please check that you have a valid OpenXR runtime installed.
[2022.04.02-02.10.28:129][  0]LogHMD: Failed to initialize OpenVR with code 100
[2022.04.02-02.10.28:142][  0]LogMagicLeap: Warning: VR disabled because ZI is not enabled.  To enable, in the editor, Edit -> Project Settings -> Plugins -> Magic Leap Plugin -> Enable Zero Iteration
[2022.04.02-02.10.28:143][  0]LogStats: UGameplayTagsManager::InitializeManager -  0.000 s
[2022.04.02-02.10.28:281][  0]LogInit: Initializing FReadOnlyCVARCache
[2022.04.02-02.10.28:293][  0]LogAIModule: Creating AISystem for world Untitled
[2022.04.02-02.10.28:304][  0]LogAudio: Display: Initializing Audio Device Manager...
[2022.04.02-02.10.28:308][  0]LogAudio: Display: Loading Default Audio Settings Objects...
[2022.04.02-02.10.28:308][  0]LogAudio: Display: No default SoundConcurrencyObject specified (or failed to load).
[2022.04.02-02.10.28:309][  0]LogAudio: Display: Audio Device Manager Initialized
[2022.04.02-02.10.28:309][  0]LogAudio: Display: Creating Audio Device:                 Id: 1, Scope: Shared, Realtime: True
[2022.04.02-02.10.28:309][  0]LogAudioMixer: Display: Audio Mixer Platform Settings:
[2022.04.02-02.10.28:309][  0]LogAudioMixer: Display: 	Sample Rate:						  48000
[2022.04.02-02.10.28:309][  0]LogAudioMixer: Display: 	Callback Buffer Frame Size Requested: 1024
[2022.04.02-02.10.28:309][  0]LogAudioMixer: Display: 	Callback Buffer Frame Size To Use:	  1024
[2022.04.02-02.10.28:309][  0]LogAudioMixer: Display: 	Number of buffers to queue:			  2
[2022.04.02-02.10.28:309][  0]LogAudioMixer: Display: 	Max Channels (voices):				  32
[2022.04.02-02.10.28:309][  0]LogAudioMixer: Display: 	Number of Async Source Workers:		  0
[2022.04.02-02.10.28:309][  0]LogAudio: Display: AudioDevice MaxSources: 32
[2022.04.02-02.10.28:309][  0]LogAudio: Display: Audio Spatialization Plugin: None (built-in).
[2022.04.02-02.10.28:309][  0]LogAudio: Display: Audio Reverb Plugin: None (built-in).
[2022.04.02-02.10.28:309][  0]LogAudio: Display: Audio Occlusion Plugin: None (built-in).
[2022.04.02-02.10.28:309][  0]LogAudioMixer: Display: Initializing audio mixer.
[2022.04.02-02.10.28:347][  0]LogAudioMixer: Display: 0: FrontLeft
[2022.04.02-02.10.28:347][  0]LogAudioMixer: Display: 1: FrontRight
[2022.04.02-02.10.28:455][  0]LogAudioMixer: Display: Using Audio Device Speakers (Realtek High Definition Audio)
[2022.04.02-02.10.28:457][  0]LogAudioMixer: Display: Initializing Sound Submixes...
[2022.04.02-02.10.28:459][  0]LogAudioMixer: Display: Creating Master Submix 'MasterSubmixDefault'
[2022.04.02-02.10.28:459][  0]LogAudioMixer: Display: Creating Master Submix 'MasterReverbSubmixDefault'
[2022.04.02-02.10.28:460][  0]LogAudioMixer: Display: Creating Master Submix 'MasterEQSubmixDefault'
[2022.04.02-02.10.28:460][  0]LogAudioMixer: FMixerPlatformXAudio2::StartAudioStream() called
[2022.04.02-02.10.28:460][  0]LogAudioMixer: Display: Output buffers initialized: Frames=1024, Channels=2, Samples=2048
[2022.04.02-02.10.28:461][  0]LogAudioMixer: Display: Starting AudioMixerPlatformInterface::RunInternal()
[2022.04.02-02.10.28:461][  0]LogAudioMixer: Display: FMixerPlatformXAudio2::SubmitBuffer() called for the first time
[2022.04.02-02.10.28:461][  0]LogInit: FAudioDevice initialized.
[2022.04.02-02.10.28:461][  0]LogAudio: Display: Audio Device (ID: 1) registered with world 'Untitled'.
[2022.04.02-02.10.28:461][  0]LogNetVersion: Set ProjectVersion to 1.0.0.0. Version Checksum will be recalculated on next use.
[2022.04.02-02.10.28:569][  0]LogDerivedDataCache: Saved boot cache 0.11s 108MB C:/Users/Jason/AppData/Local/UnrealEngine/4.27/DerivedDataCache/Boot.ddc.
[2022.04.02-02.10.28:573][  0]LogInit: Texture streaming: Enabled
[2022.04.02-02.10.28:585][  0]LogAnalytics: Display: [UEEditor.Rocket.Release] APIServer = https://datarouter.ol.epicgames.com/. AppVersion = 4.27.2-18319896+++UE4+Release-4.27
[2022.04.02-02.10.28:588][  0]LogEngineSessionManager: EngineSessionManager initialized
[2022.04.02-02.10.28:588][  0]LogEditorSessionSummary: Verbose: Initializing EditorSessionSummaryWriter for editor session tracking
[2022.04.02-02.10.28:591][  0]LogEditorSessionSummary: EditorSessionSummaryWriter initialized
[2022.04.02-02.10.28:652][  0]LogInit: Transaction tracking system initialized
[2022.04.02-02.10.28:675][  0]BlueprintLog: New page: Editor Load
[2022.04.02-02.10.28:985][  0]LocalizationService: Localization service is disabled
[2022.04.02-02.10.29:006][  0]TimingProfiler: Initialize
[2022.04.02-02.10.29:006][  0]TimingProfiler: OnSessionChanged
[2022.04.02-02.10.29:006][  0]LoadingProfiler: Initialize
[2022.04.02-02.10.29:006][  0]LoadingProfiler: OnSessionChanged
[2022.04.02-02.10.29:006][  0]NetworkingProfiler: Initialize
[2022.04.02-02.10.29:006][  0]NetworkingProfiler: OnSessionChanged
[2022.04.02-02.10.29:007][  0]MemoryProfiler: Initialize
[2022.04.02-02.10.29:007][  0]MemoryProfiler: OnSessionChanged
[2022.04.02-02.10.29:487][  0]LogCook: Display: CookSettings for Memory: MemoryMaxUsedVirtual 0MiB, MemoryMaxUsedPhysical 16384MiB, MemoryMinFreeVirtual 0MiB, MemoryMinFreePhysical 1024MiB
[2022.04.02-02.10.29:487][  0]LogCook: Display: Mobile HDR setting 1
[2022.04.02-02.10.29:659][  0]LogFileCache: Scanning file cache for directory 'D:/LD50/TheEclipse/Content/' took 0.00s
[2022.04.02-02.10.29:859][  0]LogInit: Display: Engine is initialized. Leaving FEngineLoop::Init()
[2022.04.02-02.10.29:862][  0]SourceControl: Source control is disabled
[2022.04.02-02.10.29:862][  0]LogUnrealEdMisc: Loading editor; pre map load, took 12.478
[2022.04.02-02.10.29:862][  0]Cmd: MAP LOAD FILE="../../../../../LD50/TheEclipse/Content/FirstPersonCPP/Maps/FirstPersonExampleMap.umap" TEMPLATE=0 SHOWPROGRESS=1 FEATURELEVEL=3
[2022.04.02-02.10.29:863][  0]LightingResults: New page: Lighting Build
[2022.04.02-02.10.29:864][  0]LogWorld: UWorld::CleanupWorld for Untitled, bSessionEnded=true, bCleanupResources=true
[2022.04.02-02.10.29:864][  0]LogSlate: InvalidateAllWidgets triggered.  All widgets were invalidated
[2022.04.02-02.10.29:864][  0]MapCheck: New page: Map Check
[2022.04.02-02.10.29:864][  0]LightingResults: New page: Lighting Build
[2022.04.02-02.10.30:880][  0]LogAudio: Display: Audio Device unregistered from world 'None'.
[2022.04.02-02.10.30:883][  0]LogUObjectHash: Compacting FUObjectHashTables data took   0.85ms
[2022.04.02-02.10.31:030][  0]LogTexture: Display: Building textures: DeprecatedTextureD5B55AC7496CD3FBF6154CA3715BB71F (BGRA8, 128X128)
[2022.04.02-02.10.33:284][  0]LogTexture: Display: Building textures: HQ_Lightmap1_5 (OODLE_AutoDXT, 64X64)
[2022.04.02-02.10.33:284][  0]LogTexture: Display: Building textures: HQ_Lightmap1_1 (OODLE_AutoDXT, 2048X2048)
[2022.04.02-02.10.33:284][  0]LogTexture: Display: Building textures: LQ_Lightmap_1_1 (OODLE_DXT1, 2048X2048)
[2022.04.02-02.10.33:284][  0]LogTexture: Display: Building textures: HQ_Lightmap1_4 (OODLE_AutoDXT, 2048X2048)
[2022.04.02-02.10.33:284][  0]LogTexture: Display: Building textures: HQ_Lightmap1_3 (OODLE_AutoDXT, 2048X2048)
[2022.04.02-02.10.33:284][  0]LogTexture: Display: Building textures: HQ_Lightmap1_2 (OODLE_AutoDXT, 2048X2048)
[2022.04.02-02.10.33:284][  0]LogTexture: Display: Building textures: LQ_Lightmap_1_2 (OODLE_DXT1, 2048X2048)
[2022.04.02-02.10.33:284][  0]LogTextureFormatOodle: Display: non-RDO encode 2048 x 2048 x 1 to format OODLE_DXT1 (Oodle OodleTex_BC1_WithTransparency) lambda=0 effort=20 
[2022.04.02-02.10.33:284][  0]LogTextureFormatOodle: Display: non-RDO encode 2048 x 2048 x 1 to format OODLE_DXT1 (Oodle OodleTex_BC1_WithTransparency) lambda=0 effort=20 
[2022.04.02-02.10.33:284][  0]LogTextureFormatOodle: Display: non-RDO encode 2048 x 2048 x 1 to format OODLE_AutoDXT (Oodle OodleTex_BC3) lambda=0 effort=20 
[2022.04.02-02.10.33:284][  0]LogTextureFormatOodle: Display: non-RDO encode 2048 x 2048 x 1 to format OODLE_AutoDXT (Oodle OodleTex_BC3) lambda=0 effort=20 
[2022.04.02-02.10.33:284][  0]LogTextureFormatOodle: Display: non-RDO encode 2048 x 2048 x 1 to format OODLE_AutoDXT (Oodle OodleTex_BC3) lambda=0 effort=20 
[2022.04.02-02.10.33:284][  0]LogTextureFormatOodle: Display: non-RDO encode 2048 x 2048 x 1 to format OODLE_AutoDXT (Oodle OodleTex_BC3) lambda=0 effort=20 
[2022.04.02-02.10.33:284][  0]LogTextureFormatOodle: Display: non-RDO encode 1024 x 1024 x 1 to format OODLE_DXT1 (Oodle OodleTex_BC1_WithTransparency) lambda=0 effort=20 
[2022.04.02-02.10.33:284][  0]LogTextureFormatOodle: Display: non-RDO encode 1024 x 1024 x 1 to format OODLE_AutoDXT (Oodle OodleTex_BC3) lambda=0 effort=20 
[2022.04.02-02.10.33:284][  0]LogTextureFormatOodle: Display: non-RDO encode 1024 x 1024 x 1 to format OODLE_AutoDXT (Oodle OodleTex_BC3) lambda=0 effort=20 
[2022.04.02-02.10.33:284][  0]LogTextureFormatOodle: Display: non-RDO encode 1024 x 1024 x 1 to format OODLE_AutoDXT (Oodle OodleTex_BC3) lambda=0 effort=20 
[2022.04.02-02.10.33:285][  0]LogTextureFormatOodle: Display: non-RDO encode 1024 x 1024 x 1 to format OODLE_AutoDXT (Oodle OodleTex_BC3) lambda=0 effort=20 
[2022.04.02-02.10.33:285][  0]LogTextureFormatOodle: Display: non-RDO encode 1024 x 1024 x 1 to format OODLE_DXT1 (Oodle OodleTex_BC1_WithTransparency) lambda=0 effort=20 
[2022.04.02-02.10.33:285][  0]LogTexture: Display: Building textures: LQ_Lightmap_1_5 (OODLE_DXT1, 64X64)
[2022.04.02-02.10.33:285][  0]LogTexture: Display: Building textures: SkyOcclusion1_3 (OODLE_AutoDXT, 2048X1024)
[2022.04.02-02.10.33:285][  0]LogTexture: Display: Building textures: SkyOcclusion1_2 (OODLE_AutoDXT, 2048X1024)
[2022.04.02-02.10.33:285][  0]LogTexture: Display: Building textures: SkyOcclusion1_4 (OODLE_AutoDXT, 2048X1024)
[2022.04.02-02.10.33:285][  0]LogTexture: Display: Building textures: LQ_Lightmap_1_3 (OODLE_DXT1, 2048X2048)
[2022.04.02-02.10.33:285][  0]LogTexture: Display: Building textures: LQ_Lightmap_1_4 (OODLE_DXT1, 2048X2048)
[2022.04.02-02.10.33:285][  0]LogTextureFormatOodle: Display: non-RDO encode 2048 x 1024 x 1 to format OODLE_AutoDXT (Oodle OodleTex_BC3) lambda=0 effort=20 
[2022.04.02-02.10.33:285][  0]LogTextureFormatOodle: Display: non-RDO encode 2048 x 1024 x 1 to format OODLE_AutoDXT (Oodle OodleTex_BC3) lambda=0 effort=20 
[2022.04.02-02.10.33:285][  0]LogTexture: Display: Building textures: SkyOcclusion1_1 (OODLE_AutoDXT, 2048X1024)
[2022.04.02-02.10.33:285][  0]LogTextureFormatOodle: Display: non-RDO encode 1024 x 512 x 1 to format OODLE_AutoDXT (Oodle OodleTex_BC3) lambda=0 effort=20 
[2022.04.02-02.10.33:285][  0]LogTextureFormatOodle: Display: non-RDO encode 2048 x 2048 x 1 to format OODLE_DXT1 (Oodle OodleTex_BC1_WithTransparency) lambda=0 effort=20 
[2022.04.02-02.10.33:285][  0]LogTextureFormatOodle: Display: non-RDO encode 2048 x 1024 x 1 to format OODLE_AutoDXT (Oodle OodleTex_BC3) lambda=0 effort=20 
[2022.04.02-02.10.33:285][  0]LogTextureFormatOodle: Display: non-RDO encode 1024 x 512 x 1 to format OODLE_AutoDXT (Oodle OodleTex_BC3) lambda=0 effort=20 
[2022.04.02-02.10.33:285][  0]LogTextureFormatOodle: Display: non-RDO encode 2048 x 1024 x 1 to format OODLE_AutoDXT (Oodle OodleTex_BC3) lambda=0 effort=20 
[2022.04.02-02.10.33:285][  0]LogTextureFormatOodle: Display: non-RDO encode 1024 x 1024 x 1 to format OODLE_DXT1 (Oodle OodleTex_BC1_WithTransparency) lambda=0 effort=20 
[2022.04.02-02.10.33:285][  0]LogTextureFormatOodle: Display: non-RDO encode 2048 x 2048 x 1 to format OODLE_DXT1 (Oodle OodleTex_BC1_WithTransparency) lambda=0 effort=20 
[2022.04.02-02.10.33:285][  0]LogTextureFormatOodle: Display: non-RDO encode 1024 x 512 x 1 to format OODLE_AutoDXT (Oodle OodleTex_BC3) lambda=0 effort=20 
[2022.04.02-02.10.33:285][  0]LogTextureFormatOodle: Display: non-RDO encode 1024 x 512 x 1 to format OODLE_AutoDXT (Oodle OodleTex_BC3) lambda=0 effort=20 
[2022.04.02-02.10.33:285][  0]LogTextureFormatOodle: Display: non-RDO encode 1024 x 1024 x 1 to format OODLE_DXT1 (Oodle OodleTex_BC1_WithTransparency) lambda=0 effort=20 
[2022.04.02-02.10.33:285][  0]LogTexture: Display: Building textures: SkyOcclusion1_5 (OODLE_AutoDXT, 64X32)
[2022.04.02-02.10.33:285][  0]LogTexture: Display: Building textures: ShadowMapTexture2D_10 (G8, 1024X1024)
[2022.04.02-02.10.33:285][  0]LogTexture: Display: Building textures: ShadowMapTexture2D_11 (G8, 1024X1024)
[2022.04.02-02.10.33:285][  0]LogTexture: Display: Building textures: ShadowMapTexture2D_12 (G8, 1024X1024)
[2022.04.02-02.10.33:285][  0]LogTexture: Display: Building textures: ShadowMapTexture2D_13 (G8, 1024X1024)
[2022.04.02-02.10.33:285][  0]LogTexture: Display: Building textures: ShadowMapTexture2D_14 (G8, 1024X1024)
[2022.04.02-02.10.33:285][  0]LogTexture: Display: Building textures: ShadowMapTexture2D_15 (G8, 32X32)
[2022.04.02-02.10.33:285][  0]LogTexture: Display: Building textures: ShadowMapTexture2D_8 (G8, 1024X1024)
[2022.04.02-02.10.33:285][  0]LogTexture: Display: Building textures: ShadowMapTexture2D_9 (G8, 1024X1024)
[2022.04.02-02.10.33:362][  0]LogAudio: Display: Audio Device (ID: 1) registered with world 'FirstPersonExampleMap'.
[2022.04.02-02.10.33:363][  0]LogAIModule: Creating AISystem for world FirstPersonExampleMap
[2022.04.02-02.10.34:905][  0]LogEditorServer: Finished looking for orphan Actors (0.000 secs)
[2022.04.02-02.10.35:741][  0]LogUObjectHash: Compacting FUObjectHashTables data took   0.82ms
[2022.04.02-02.10.35:758][  0]Cmd: MAP CHECKDEP NOCLEARLOG
[2022.04.02-02.10.35:758][  0]MapCheck: Map check complete: 0 Error(s), 0 Warning(s), took 0.114ms to complete.
[2022.04.02-02.10.35:758][  0]LogFileHelpers: Loading map 'FirstPersonExampleMap' took 5.896
[2022.04.02-02.10.35:760][  0]LogUnrealEdMisc: Total Editor Startup Time, took 18.376
[2022.04.02-02.10.39:826][  0]LogSlate: Only BGRA pngs, bmps or icos are supported in by External Image Picker
[2022.04.02-02.10.40:985][  0]LogSlate: Updating window title bar state: overlay mode, drag disabled, window buttons hidden, title bar hidden
[2022.04.02-02.10.40:994][  0]LogSlate: Updating window title bar state: overlay mode, drag disabled, window buttons hidden, title bar hidden
[2022.04.02-02.10.41:002][  0]LogSlate: Updating window title bar state: overlay mode, drag disabled, window buttons hidden, title bar hidden
[2022.04.02-02.10.41:008][  0]LogSlate: Updating window title bar state: overlay mode, drag disabled, window buttons hidden, title bar hidden
[2022.04.02-02.10.41:635][  0]LogNativeClassHierarchy: Verbose: Native class hierarchy populated in 0.0155 seconds. Added 3826 classes and 930 folders.
[2022.04.02-02.10.41:709][  0]LogNativeClassHierarchy: Verbose: Native class hierarchy updated for 'WidgetCarousel' in 0.0005 seconds. Added 0 classes and 0 folders.
[2022.04.02-02.10.41:712][  0]LogPakFile: PakFile PrimaryIndexSize=187
[2022.04.02-02.10.41:712][  0]LogPakFile: PakFile PathHashIndexSize=101
[2022.04.02-02.10.41:712][  0]LogPakFile: PakFile FullDirectoryIndexSize=148
[2022.04.02-02.10.41:712][  0]LogShaderLibrary: Display: ShaderCodeLibraryPakFileMountedCallback: PakFile 'D:/GameLaunchers/UE_4.27/FeaturePacks/FP_FirstPerson.upack' (chunk index -1, root 'root:/') mounted
[2022.04.02-02.10.41:712][  0]LogShaderLibrary: Display: ShaderCodeLibraryPakFileMountedCallback: pending pak file info (ChunkID:-1 Root:root:/ File:D:/GameLaunchers/UE_4.27/FeaturePacks/FP_FirstPerson.upack)
[2022.04.02-02.10.41:712][  0]LogPakFile: OnPakFileMounted2Time == 0.000118
[2022.04.02-02.10.41:713][  0]LogPakFile: PakFile PrimaryIndexSize=189
[2022.04.02-02.10.41:713][  0]LogPakFile: PakFile PathHashIndexSize=101
[2022.04.02-02.10.41:713][  0]LogPakFile: PakFile FullDirectoryIndexSize=152
[2022.04.02-02.10.41:713][  0]LogShaderLibrary: Display: ShaderCodeLibraryPakFileMountedCallback: PakFile 'D:/GameLaunchers/UE_4.27/FeaturePacks/FP_FirstPersonBP.upack' (chunk index -1, root 'root:/') mounted
[2022.04.02-02.10.41:713][  0]LogShaderLibrary: Display: ShaderCodeLibraryPakFileMountedCallback: pending pak file info (ChunkID:-1 Root:root:/ File:D:/GameLaunchers/UE_4.27/FeaturePacks/FP_FirstPersonBP.upack)
[2022.04.02-02.10.41:713][  0]LogPakFile: OnPakFileMounted2Time == 0.000080
[2022.04.02-02.10.41:714][  0]LogPakFile: PakFile PrimaryIndexSize=191
[2022.04.02-02.10.41:714][  0]LogPakFile: PakFile PathHashIndexSize=101
[2022.04.02-02.10.41:714][  0]LogPakFile: PakFile FullDirectoryIndexSize=160
[2022.04.02-02.10.41:714][  0]LogShaderLibrary: Display: ShaderCodeLibraryPakFileMountedCallback: PakFile 'D:/GameLaunchers/UE_4.27/FeaturePacks/MobileStarterContent.upack' (chunk index -1, root 'root:/') mounted
[2022.04.02-02.10.41:714][  0]LogShaderLibrary: Display: ShaderCodeLibraryPakFileMountedCallback: pending pak file info (ChunkID:-1 Root:root:/ File:D:/GameLaunchers/UE_4.27/FeaturePacks/MobileStarterContent.upack)
[2022.04.02-02.10.41:714][  0]LogPakFile: OnPakFileMounted2Time == 0.000070
[2022.04.02-02.10.41:715][  0]LogPakFile: PakFile PrimaryIndexSize=185
[2022.04.02-02.10.41:715][  0]LogPakFile: PakFile PathHashIndexSize=101
[2022.04.02-02.10.41:715][  0]LogPakFile: PakFile FullDirectoryIndexSize=148
[2022.04.02-02.10.41:715][  0]LogShaderLibrary: Display: ShaderCodeLibraryPakFileMountedCallback: PakFile 'D:/GameLaunchers/UE_4.27/FeaturePacks/StarterContent.upack' (chunk index -1, root 'root:/') mounted
[2022.04.02-02.10.41:715][  0]LogShaderLibrary: Display: ShaderCodeLibraryPakFileMountedCallback: pending pak file info (ChunkID:-1 Root:root:/ File:D:/GameLaunchers/UE_4.27/FeaturePacks/StarterContent.upack)
[2022.04.02-02.10.41:715][  0]LogPakFile: OnPakFileMounted2Time == 0.000066
[2022.04.02-02.10.41:716][  0]LogPakFile: PakFile PrimaryIndexSize=190
[2022.04.02-02.10.41:716][  0]LogPakFile: PakFile PathHashIndexSize=101
[2022.04.02-02.10.41:716][  0]LogPakFile: PakFile FullDirectoryIndexSize=154
[2022.04.02-02.10.41:716][  0]LogShaderLibrary: Display: ShaderCodeLibraryPakFileMountedCallback: PakFile 'D:/GameLaunchers/UE_4.27/FeaturePacks/TP_2DSideScroller.upack' (chunk index -1, root 'root:/') mounted
[2022.04.02-02.10.41:716][  0]LogShaderLibrary: Display: ShaderCodeLibraryPakFileMountedCallback: pending pak file info (ChunkID:-1 Root:root:/ File:D:/GameLaunchers/UE_4.27/FeaturePacks/TP_2DSideScroller.upack)
[2022.04.02-02.10.41:716][  0]LogPakFile: OnPakFileMounted2Time == 0.000049
[2022.04.02-02.10.41:717][  0]LogPakFile: PakFile PrimaryIndexSize=192
[2022.04.02-02.10.41:717][  0]LogPakFile: PakFile PathHashIndexSize=101
[2022.04.02-02.10.41:717][  0]LogPakFile: PakFile FullDirectoryIndexSize=158
[2022.04.02-02.10.41:717][  0]LogShaderLibrary: Display: ShaderCodeLibraryPakFileMountedCallback: PakFile 'D:/GameLaunchers/UE_4.27/FeaturePacks/TP_2DSideScrollerBP.upack' (chunk index -1, root 'root:/') mounted
[2022.04.02-02.10.41:717][  0]LogShaderLibrary: Display: ShaderCodeLibraryPakFileMountedCallback: pending pak file info (ChunkID:-1 Root:root:/ File:D:/GameLaunchers/UE_4.27/FeaturePacks/TP_2DSideScrollerBP.upack)
[2022.04.02-02.10.41:717][  0]LogPakFile: OnPakFileMounted2Time == 0.000052
[2022.04.02-02.10.41:718][  0]LogPakFile: PakFile PrimaryIndexSize=182
[2022.04.02-02.10.41:718][  0]LogPakFile: PakFile PathHashIndexSize=101
[2022.04.02-02.10.41:718][  0]LogPakFile: PakFile FullDirectoryIndexSize=138
[2022.04.02-02.10.41:718][  0]LogShaderLibrary: Display: ShaderCodeLibraryPakFileMountedCallback: PakFile 'D:/GameLaunchers/UE_4.27/FeaturePacks/TP_Flying.upack' (chunk index -1, root 'root:/') mounted
[2022.04.02-02.10.41:718][  0]LogShaderLibrary: Display: ShaderCodeLibraryPakFileMountedCallback: pending pak file info (ChunkID:-1 Root:root:/ File:D:/GameLaunchers/UE_4.27/FeaturePacks/TP_Flying.upack)
[2022.04.02-02.10.41:718][  0]LogPakFile: OnPakFileMounted2Time == 0.000052
[2022.04.02-02.10.41:719][  0]LogPakFile: PakFile PrimaryIndexSize=184
[2022.04.02-02.10.41:719][  0]LogPakFile: PakFile PathHashIndexSize=101
[2022.04.02-02.10.41:719][  0]LogPakFile: PakFile FullDirectoryIndexSize=142
[2022.04.02-02.10.41:719][  0]LogShaderLibrary: Display: ShaderCodeLibraryPakFileMountedCallback: PakFile 'D:/GameLaunchers/UE_4.27/FeaturePacks/TP_FlyingBP.upack' (chunk index -1, root 'root:/') mounted
[2022.04.02-02.10.41:719][  0]LogShaderLibrary: Display: ShaderCodeLibraryPakFileMountedCallback: pending pak file info (ChunkID:-1 Root:root:/ File:D:/GameLaunchers/UE_4.27/FeaturePacks/TP_FlyingBP.upack)
[2022.04.02-02.10.41:719][  0]LogPakFile: OnPakFileMounted2Time == 0.000058
[2022.04.02-02.10.41:720][  0]LogPakFile: PakFile PrimaryIndexSize=188
[2022.04.02-02.10.41:720][  0]LogPakFile: PakFile PathHashIndexSize=101
[2022.04.02-02.10.41:720][  0]LogPakFile: PakFile FullDirectoryIndexSize=150
[2022.04.02-02.10.41:720][  0]LogShaderLibrary: Display: ShaderCodeLibraryPakFileMountedCallback: PakFile 'D:/GameLaunchers/UE_4.27/FeaturePacks/TP_HandheldARBP.upack' (chunk index -1, root 'root:/') mounted
[2022.04.02-02.10.41:720][  0]LogShaderLibrary: Display: ShaderCodeLibraryPakFileMountedCallback: pending pak file info (ChunkID:-1 Root:root:/ File:D:/GameLaunchers/UE_4.27/FeaturePacks/TP_HandheldARBP.upack)
[2022.04.02-02.10.41:720][  0]LogPakFile: OnPakFileMounted2Time == 0.000051
[2022.04.02-02.10.41:721][  0]LogPakFile: PakFile PrimaryIndexSize=182
[2022.04.02-02.10.41:721][  0]LogPakFile: PakFile PathHashIndexSize=101
[2022.04.02-02.10.41:721][  0]LogPakFile: PakFile FullDirectoryIndexSize=138
[2022.04.02-02.10.41:721][  0]LogShaderLibrary: Display: ShaderCodeLibraryPakFileMountedCallback: PakFile 'D:/GameLaunchers/UE_4.27/FeaturePacks/TP_Puzzle.upack' (chunk index -1, root 'root:/') mounted
[2022.04.02-02.10.41:721][  0]LogShaderLibrary: Display: ShaderCodeLibraryPakFileMountedCallback: pending pak file info (ChunkID:-1 Root:root:/ File:D:/GameLaunchers/UE_4.27/FeaturePacks/TP_Puzzle.upack)
[2022.04.02-02.10.41:721][  0]LogPakFile: OnPakFileMounted2Time == 0.000059
[2022.04.02-02.10.41:722][  0]LogPakFile: PakFile PrimaryIndexSize=184
[2022.04.02-02.10.41:722][  0]LogPakFile: PakFile PathHashIndexSize=101
[2022.04.02-02.10.41:722][  0]LogPakFile: PakFile FullDirectoryIndexSize=142
[2022.04.02-02.10.41:722][  0]LogShaderLibrary: Display: ShaderCodeLibraryPakFileMountedCallback: PakFile 'D:/GameLaunchers/UE_4.27/FeaturePacks/TP_PuzzleBP.upack' (chunk index -1, root 'root:/') mounted
[2022.04.02-02.10.41:722][  0]LogShaderLibrary: Display: ShaderCodeLibraryPakFileMountedCallback: pending pak file info (ChunkID:-1 Root:root:/ File:D:/GameLaunchers/UE_4.27/FeaturePacks/TP_PuzzleBP.upack)
[2022.04.02-02.10.41:722][  0]LogPakFile: OnPakFileMounted2Time == 0.000056
[2022.04.02-02.10.41:723][  0]LogPakFile: PakFile PrimaryIndexSize=183
[2022.04.02-02.10.41:723][  0]LogPakFile: PakFile PathHashIndexSize=101
[2022.04.02-02.10.41:723][  0]LogPakFile: PakFile FullDirectoryIndexSize=140
[2022.04.02-02.10.41:723][  0]LogShaderLibrary: Display: ShaderCodeLibraryPakFileMountedCallback: PakFile 'D:/GameLaunchers/UE_4.27/FeaturePacks/TP_Rolling.upack' (chunk index -1, root 'root:/') mounted
[2022.04.02-02.10.41:723][  0]LogShaderLibrary: Display: ShaderCodeLibraryPakFileMountedCallback: pending pak file info (ChunkID:-1 Root:root:/ File:D:/GameLaunchers/UE_4.27/FeaturePacks/TP_Rolling.upack)
[2022.04.02-02.10.41:723][  0]LogPakFile: OnPakFileMounted2Time == 0.000050
[2022.04.02-02.10.41:724][  0]LogPakFile: PakFile PrimaryIndexSize=185
[2022.04.02-02.10.41:724][  0]LogPakFile: PakFile PathHashIndexSize=101
[2022.04.02-02.10.41:724][  0]LogPakFile: PakFile FullDirectoryIndexSize=144
[2022.04.02-02.10.41:724][  0]LogShaderLibrary: Display: ShaderCodeLibraryPakFileMountedCallback: PakFile 'D:/GameLaunchers/UE_4.27/FeaturePacks/TP_RollingBP.upack' (chunk index -1, root 'root:/') mounted
[2022.04.02-02.10.41:724][  0]LogShaderLibrary: Display: ShaderCodeLibraryPakFileMountedCallback: pending pak file info (ChunkID:-1 Root:root:/ File:D:/GameLaunchers/UE_4.27/FeaturePacks/TP_RollingBP.upack)
[2022.04.02-02.10.41:724][  0]LogPakFile: OnPakFileMounted2Time == 0.000065
[2022.04.02-02.10.41:725][  0]LogPakFile: PakFile PrimaryIndexSize=188
[2022.04.02-02.10.41:725][  0]LogPakFile: PakFile PathHashIndexSize=101
[2022.04.02-02.10.41:725][  0]LogPakFile: PakFile FullDirectoryIndexSize=150
[2022.04.02-02.10.41:725][  0]LogShaderLibrary: Display: ShaderCodeLibraryPakFileMountedCallback: PakFile 'D:/GameLaunchers/UE_4.27/FeaturePacks/TP_SideScroller.upack' (chunk index -1, root 'root:/') mounted
[2022.04.02-02.10.41:725][  0]LogShaderLibrary: Display: ShaderCodeLibraryPakFileMountedCallback: pending pak file info (ChunkID:-1 Root:root:/ File:D:/GameLaunchers/UE_4.27/FeaturePacks/TP_SideScroller.upack)
[2022.04.02-02.10.41:725][  0]LogPakFile: OnPakFileMounted2Time == 0.000050
[2022.04.02-02.10.41:726][  0]LogPakFile: PakFile PrimaryIndexSize=190
[2022.04.02-02.10.41:726][  0]LogPakFile: PakFile PathHashIndexSize=101
[2022.04.02-02.10.41:726][  0]LogPakFile: PakFile FullDirectoryIndexSize=154
[2022.04.02-02.10.41:726][  0]LogShaderLibrary: Display: ShaderCodeLibraryPakFileMountedCallback: PakFile 'D:/GameLaunchers/UE_4.27/FeaturePacks/TP_SideScrollerBP.upack' (chunk index -1, root 'root:/') mounted
[2022.04.02-02.10.41:726][  0]LogShaderLibrary: Display: ShaderCodeLibraryPakFileMountedCallback: pending pak file info (ChunkID:-1 Root:root:/ File:D:/GameLaunchers/UE_4.27/FeaturePacks/TP_SideScrollerBP.upack)
[2022.04.02-02.10.41:726][  0]LogPakFile: OnPakFileMounted2Time == 0.000049
[2022.04.02-02.10.41:726][  0]LogPakFile: PakFile PrimaryIndexSize=187
[2022.04.02-02.10.41:726][  0]LogPakFile: PakFile PathHashIndexSize=101
[2022.04.02-02.10.41:726][  0]LogPakFile: PakFile FullDirectoryIndexSize=148
[2022.04.02-02.10.41:726][  0]LogShaderLibrary: Display: ShaderCodeLibraryPakFileMountedCallback: PakFile 'D:/GameLaunchers/UE_4.27/FeaturePacks/TP_ThirdPerson.upack' (chunk index -1, root 'root:/') mounted
[2022.04.02-02.10.41:726][  0]LogShaderLibrary: Display: ShaderCodeLibraryPakFileMountedCallback: pending pak file info (ChunkID:-1 Root:root:/ File:D:/GameLaunchers/UE_4.27/FeaturePacks/TP_ThirdPerson.upack)
[2022.04.02-02.10.41:727][  0]LogPakFile: OnPakFileMounted2Time == 0.000057
[2022.04.02-02.10.41:727][  0]LogPakFile: PakFile PrimaryIndexSize=189
[2022.04.02-02.10.41:727][  0]LogPakFile: PakFile PathHashIndexSize=101
[2022.04.02-02.10.41:727][  0]LogPakFile: PakFile FullDirectoryIndexSize=152
[2022.04.02-02.10.41:727][  0]LogShaderLibrary: Display: ShaderCodeLibraryPakFileMountedCallback: PakFile 'D:/GameLaunchers/UE_4.27/FeaturePacks/TP_ThirdPersonBP.upack' (chunk index -1, root 'root:/') mounted
[2022.04.02-02.10.41:727][  0]LogShaderLibrary: Display: ShaderCodeLibraryPakFileMountedCallback: pending pak file info (ChunkID:-1 Root:root:/ File:D:/GameLaunchers/UE_4.27/FeaturePacks/TP_ThirdPersonBP.upack)
[2022.04.02-02.10.41:727][  0]LogPakFile: OnPakFileMounted2Time == 0.000046
[2022.04.02-02.10.41:728][  0]LogPakFile: PakFile PrimaryIndexSize=183
[2022.04.02-02.10.41:728][  0]LogPakFile: PakFile PathHashIndexSize=101
[2022.04.02-02.10.41:728][  0]LogPakFile: PakFile FullDirectoryIndexSize=140
[2022.04.02-02.10.41:728][  0]LogShaderLibrary: Display: ShaderCodeLibraryPakFileMountedCallback: PakFile 'D:/GameLaunchers/UE_4.27/FeaturePacks/TP_TopDown.upack' (chunk index -1, root 'root:/') mounted
[2022.04.02-02.10.41:728][  0]LogShaderLibrary: Display: ShaderCodeLibraryPakFileMountedCallback: pending pak file info (ChunkID:-1 Root:root:/ File:D:/GameLaunchers/UE_4.27/FeaturePacks/TP_TopDown.upack)
[2022.04.02-02.10.41:728][  0]LogPakFile: OnPakFileMounted2Time == 0.000065
[2022.04.02-02.10.41:729][  0]LogPakFile: PakFile PrimaryIndexSize=185
[2022.04.02-02.10.41:729][  0]LogPakFile: PakFile PathHashIndexSize=101
[2022.04.02-02.10.41:729][  0]LogPakFile: PakFile FullDirectoryIndexSize=144
[2022.04.02-02.10.41:729][  0]LogShaderLibrary: Display: ShaderCodeLibraryPakFileMountedCallback: PakFile 'D:/GameLaunchers/UE_4.27/FeaturePacks/TP_TopDownBP.upack' (chunk index -1, root 'root:/') mounted
[2022.04.02-02.10.41:729][  0]LogShaderLibrary: Display: ShaderCodeLibraryPakFileMountedCallback: pending pak file info (ChunkID:-1 Root:root:/ File:D:/GameLaunchers/UE_4.27/FeaturePacks/TP_TopDownBP.upack)
[2022.04.02-02.10.41:729][  0]LogPakFile: OnPakFileMounted2Time == 0.000052
[2022.04.02-02.10.41:730][  0]LogPakFile: PakFile PrimaryIndexSize=185
[2022.04.02-02.10.41:730][  0]LogPakFile: PakFile PathHashIndexSize=101
[2022.04.02-02.10.41:730][  0]LogPakFile: PakFile FullDirectoryIndexSize=144
[2022.04.02-02.10.41:730][  0]LogShaderLibrary: Display: ShaderCodeLibraryPakFileMountedCallback: PakFile 'D:/GameLaunchers/UE_4.27/FeaturePacks/TP_TwinStick.upack' (chunk index -1, root 'root:/') mounted
[2022.04.02-02.10.41:730][  0]LogShaderLibrary: Display: ShaderCodeLibraryPakFileMountedCallback: pending pak file info (ChunkID:-1 Root:root:/ File:D:/GameLaunchers/UE_4.27/FeaturePacks/TP_TwinStick.upack)
[2022.04.02-02.10.41:730][  0]LogPakFile: OnPakFileMounted2Time == 0.000050
[2022.04.02-02.10.41:731][  0]LogPakFile: PakFile PrimaryIndexSize=187
[2022.04.02-02.10.41:731][  0]LogPakFile: PakFile PathHashIndexSize=101
[2022.04.02-02.10.41:731][  0]LogPakFile: PakFile FullDirectoryIndexSize=148
[2022.04.02-02.10.41:731][  0]LogShaderLibrary: Display: ShaderCodeLibraryPakFileMountedCallback: PakFile 'D:/GameLaunchers/UE_4.27/FeaturePacks/TP_TwinStickBP.upack' (chunk index -1, root 'root:/') mounted
[2022.04.02-02.10.41:731][  0]LogShaderLibrary: Display: ShaderCodeLibraryPakFileMountedCallback: pending pak file info (ChunkID:-1 Root:root:/ File:D:/GameLaunchers/UE_4.27/FeaturePacks/TP_TwinStickBP.upack)
[2022.04.02-02.10.41:731][  0]LogPakFile: OnPakFileMounted2Time == 0.000055
[2022.04.02-02.10.41:732][  0]LogPakFile: PakFile PrimaryIndexSize=183
[2022.04.02-02.10.41:732][  0]LogPakFile: PakFile PathHashIndexSize=101
[2022.04.02-02.10.41:732][  0]LogPakFile: PakFile FullDirectoryIndexSize=140
[2022.04.02-02.10.41:732][  0]LogShaderLibrary: Display: ShaderCodeLibraryPakFileMountedCallback: PakFile 'D:/GameLaunchers/UE_4.27/FeaturePacks/TP_Vehicle.upack' (chunk index -1, root 'root:/') mounted
[2022.04.02-02.10.41:732][  0]LogShaderLibrary: Display: ShaderCodeLibraryPakFileMountedCallback: pending pak file info (ChunkID:-1 Root:root:/ File:D:/GameLaunchers/UE_4.27/FeaturePacks/TP_Vehicle.upack)
[2022.04.02-02.10.41:732][  0]LogPakFile: OnPakFileMounted2Time == 0.000056
[2022.04.02-02.10.41:733][  0]LogPakFile: PakFile PrimaryIndexSize=186
[2022.04.02-02.10.41:733][  0]LogPakFile: PakFile PathHashIndexSize=101
[2022.04.02-02.10.41:733][  0]LogPakFile: PakFile FullDirectoryIndexSize=146
[2022.04.02-02.10.41:733][  0]LogShaderLibrary: Display: ShaderCodeLibraryPakFileMountedCallback: PakFile 'D:/GameLaunchers/UE_4.27/FeaturePacks/TP_VehicleAdv.upack' (chunk index -1, root 'root:/') mounted
[2022.04.02-02.10.41:733][  0]LogShaderLibrary: Display: ShaderCodeLibraryPakFileMountedCallback: pending pak file info (ChunkID:-1 Root:root:/ File:D:/GameLaunchers/UE_4.27/FeaturePacks/TP_VehicleAdv.upack)
[2022.04.02-02.10.41:733][  0]LogPakFile: OnPakFileMounted2Time == 0.000049
[2022.04.02-02.10.41:734][  0]LogPakFile: PakFile PrimaryIndexSize=188
[2022.04.02-02.10.41:734][  0]LogPakFile: PakFile PathHashIndexSize=101
[2022.04.02-02.10.41:734][  0]LogPakFile: PakFile FullDirectoryIndexSize=150
[2022.04.02-02.10.41:734][  0]LogShaderLibrary: Display: ShaderCodeLibraryPakFileMountedCallback: PakFile 'D:/GameLaunchers/UE_4.27/FeaturePacks/TP_VehicleAdvBP.upack' (chunk index -1, root 'root:/') mounted
[2022.04.02-02.10.41:734][  0]LogShaderLibrary: Display: ShaderCodeLibraryPakFileMountedCallback: pending pak file info (ChunkID:-1 Root:root:/ File:D:/GameLaunchers/UE_4.27/FeaturePacks/TP_VehicleAdvBP.upack)
[2022.04.02-02.10.41:734][  0]LogPakFile: OnPakFileMounted2Time == 0.000055
[2022.04.02-02.10.41:735][  0]LogPakFile: PakFile PrimaryIndexSize=185
[2022.04.02-02.10.41:735][  0]LogPakFile: PakFile PathHashIndexSize=101
[2022.04.02-02.10.41:735][  0]LogPakFile: PakFile FullDirectoryIndexSize=144
[2022.04.02-02.10.41:735][  0]LogShaderLibrary: Display: ShaderCodeLibraryPakFileMountedCallback: PakFile 'D:/GameLaunchers/UE_4.27/FeaturePacks/TP_VehicleBP.upack' (chunk index -1, root 'root:/') mounted
[2022.04.02-02.10.41:735][  0]LogShaderLibrary: Display: ShaderCodeLibraryPakFileMountedCallback: pending pak file info (ChunkID:-1 Root:root:/ File:D:/GameLaunchers/UE_4.27/FeaturePacks/TP_VehicleBP.upack)
[2022.04.02-02.10.41:735][  0]LogPakFile: OnPakFileMounted2Time == 0.000049
[2022.04.02-02.10.41:735][  0]LogPakFile: PakFile PrimaryIndexSize=192
[2022.04.02-02.10.41:735][  0]LogPakFile: PakFile PathHashIndexSize=101
[2022.04.02-02.10.41:736][  0]LogPakFile: PakFile FullDirectoryIndexSize=158
[2022.04.02-02.10.41:736][  0]LogShaderLibrary: Display: ShaderCodeLibraryPakFileMountedCallback: PakFile 'D:/GameLaunchers/UE_4.27/FeaturePacks/TP_VirtualRealityBP.upack' (chunk index -1, root 'root:/') mounted
[2022.04.02-02.10.41:736][  0]LogShaderLibrary: Display: ShaderCodeLibraryPakFileMountedCallback: pending pak file info (ChunkID:-1 Root:root:/ File:D:/GameLaunchers/UE_4.27/FeaturePacks/TP_VirtualRealityBP.upack)
[2022.04.02-02.10.41:736][  0]LogPakFile: OnPakFileMounted2Time == 0.000050
[2022.04.02-02.10.41:795][  0]LogNativeClassHierarchy: Verbose: Native class hierarchy updated for 'AddContentDialog' in 0.0004 seconds. Added 0 classes and 0 folders.
[2022.04.02-02.10.41:862][  0]LogNativeClassHierarchy: Verbose: Native class hierarchy updated for 'WorldBrowser' in 0.0004 seconds. Added 2 classes and 3 folders.
[2022.04.02-02.10.42:112][  0]LogNativeClassHierarchy: Verbose: Native class hierarchy updated for 'SceneOutliner' in 0.0005 seconds. Added 2 classes and 0 folders.
[2022.04.02-02.10.43:291][  0]LogSlate: Took 0.000211 seconds to synchronously load lazily loaded font '../../../Engine/Content/Slate/Fonts/Roboto-Regular.ttf' (155K)
[2022.04.02-02.10.43:322][  0]LogSlate: Took 0.026502 seconds to synchronously load lazily loaded font '../../../Engine/Content/Editor/Slate/Fonts/FontAwesome.ttf' (139K)
[2022.04.02-02.10.43:378][  0]LogSlate: Took 0.000269 seconds to synchronously load lazily loaded font '../../../Engine/Content/Slate/Fonts/Roboto-Bold.ttf' (160K)
[2022.04.02-02.10.44:349][  0]LogRenderer: Reallocating scene render targets to support 1432x628 Format 10 NumSamples 1 (Frame:1).
[2022.04.02-02.10.45:784][  0]LogSlate: Took 0.000178 seconds to synchronously load lazily loaded font '../../../Engine/Content/Slate/Fonts/Roboto-Light.ttf' (167K)
[2022.04.02-02.10.46:094][  0]LogNativeClassHierarchy: Verbose: Native class hierarchy updated for 'HierarchicalLODOutliner' in 0.0003 seconds. Added 0 classes and 0 folders.
[2022.04.02-02.10.46:094][  0]LogLoad: (Engine Initialization) Total time: 28.71 seconds
[2022.04.02-02.10.46:095][  0]LogLoad: (Engine Initialization) Total Blueprint compile time: 0.00 seconds
[2022.04.02-02.10.46:218][  0]LogAssetRegistry: Asset discovery search completed in 24.2093 seconds
[2022.04.02-02.10.46:227][  0]LogCollectionManager: Fixed up redirectors for 0 collections in 0.000004 seconds (updated 0 objects)
[2022.04.02-02.10.46:242][  0]LogContentStreaming: Texture pool size now 1000 MB
[2022.04.02-02.11.43:461][203]LogUObjectHash: Compacting FUObjectHashTables data took   0.66ms
